Log file open, 04/02/18 20:39:44
LogInit:Display: Running engine for game: example_3dwidget
LogPlatformFile: Not using cached read wrapper
LogInit:Display: RandInit(-1940980643) SRandInit(-1940980643).
LogTaskGraph: Started task graph with 5 named threads and 8 total threads with 1 sets of task threads.
LogStats: Stats thread started at 0.847151
LogPluginManager: Loaded Plugin Paper2D, From C:/Program Files/Epic Games/UE_4.14/Engine/Plugins/2D/Paper2D/Paper2D.uplugin
LogPluginManager: Loaded Plugin LightPropagationVolume, From C:/Program Files/Epic Games/UE_4.14/Engine/Plugins/Blendables/LightPropagationVolume/LightPropagationVolume.uplugin
LogPluginManager: Loaded Plugin BlankPlugin, From C:/Program Files/Epic Games/UE_4.14/Engine/Plugins/Developer/BlankPlugin/BlankPlugin.uplugin
LogPluginManager: Loaded Plugin CodeLiteSourceCodeAccess, From C:/Program Files/Epic Games/UE_4.14/Engine/Plugins/Developer/CodeLiteSourceCodeAccess/CodeLiteSourceCodeAccess.uplugin
LogPluginManager: Loaded Plugin GitSourceControl, From C:/Program Files/Epic Games/UE_4.14/Engine/Plugins/Developer/GitSourceControl/GitSourceControl.uplugin
LogPluginManager: Loaded Plugin KDevelopSourceCodeAccess, From C:/Program Files/Epic Games/UE_4.14/Engine/Plugins/Developer/KDevelopSourceCodeAccess/KDevelopSourceCodeAccess.uplugin
LogPluginManager: Loaded Plugin NullSourceCodeAccess, From C:/Program Files/Epic Games/UE_4.14/Engine/Plugins/Developer/NullSourceCodeAccess/NullSourceCodeAccess.uplugin
LogPluginManager: Loaded Plugin OneSkyLocalizationService, From C:/Program Files/Epic Games/UE_4.14/Engine/Plugins/Developer/OneSkyLocalizationService/OneSkyLocalizationService.uplugin
LogPluginManager: Loaded Plugin PerforceSourceControl, From C:/Program Files/Epic Games/UE_4.14/Engine/Plugins/Developer/PerforceSourceControl/PerforceSourceControl.uplugin
LogPluginManager: Loaded Plugin SubversionSourceControl, From C:/Program Files/Epic Games/UE_4.14/Engine/Plugins/Developer/SubversionSourceControl/SubversionSourceControl.uplugin
LogPluginManager: Loaded Plugin UObjectPlugin, From C:/Program Files/Epic Games/UE_4.14/Engine/Plugins/Developer/UObjectPlugin/UObjectPlugin.uplugin
LogPluginManager: Loaded Plugin VisualStudioSourceCodeAccess, From C:/Program Files/Epic Games/UE_4.14/Engine/Plugins/Developer/VisualStudioSourceCodeAccess/VisualStudioSourceCodeAccess.uplugin
LogPluginManager: Loaded Plugin XCodeSourceCodeAccess, From C:/Program Files/Epic Games/UE_4.14/Engine/Plugins/Developer/XCodeSourceCodeAccess/XCodeSourceCodeAccess.uplugin
LogPluginManager: Loaded Plugin AudioCapture, From C:/Program Files/Epic Games/UE_4.14/Engine/Plugins/Editor/AudioCapture/AudioCapture.uplugin
LogPluginManager: Loaded Plugin EpicSurvey, From C:/Program Files/Epic Games/UE_4.14/Engine/Plugins/Editor/EpicSurvey/EpicSurvey.uplugin
LogPluginManager: Loaded Plugin MacGraphicsSwitching, From C:/Program Files/Epic Games/UE_4.14/Engine/Plugins/Editor/MacGraphicsSwitching/MacGraphicsSwitching.uplugin
LogPluginManager: Loaded Plugin MobileLauncherProfileWizard, From C:/Program Files/Epic Games/UE_4.14/Engine/Plugins/Editor/MobileLauncherProfileWizard/MobileLauncherProfileWizard.uplugin
LogPluginManager: Loaded Plugin PluginBrowser, From C:/Program Files/Epic Games/UE_4.14/Engine/Plugins/Editor/PluginBrowser/PluginBrowser.uplugin
LogPluginManager: Loaded Plugin SpeedTreeImporter, From C:/Program Files/Epic Games/UE_4.14/Engine/Plugins/Editor/SpeedTreeImporter/SpeedTreeImporter.uplugin
LogPluginManager: Loaded Plugin SuperSearchEditor, From C:/Program Files/Epic Games/UE_4.14/Engine/Plugins/Editor/SuperSearchEditor/SuperSearchEditor.uplugin
LogPluginManager: Loaded Plugin AlembicImporter, From C:/Program Files/Epic Games/UE_4.14/Engine/Plugins/Experimental/AlembicImporter/AlembicImporter.uplugin
LogPluginManager: Loaded Plugin BlueprintStats, From C:/Program Files/Epic Games/UE_4.14/Engine/Plugins/Experimental/BlueprintStats/BlueprintStats.uplugin
LogPluginManager: Loaded Plugin CharacterAI, From C:/Program Files/Epic Games/UE_4.14/Engine/Plugins/Experimental/CharacterAI/CharacterAI.uplugin
LogPluginManager: Loaded Plugin CodeEditor, From C:/Program Files/Epic Games/UE_4.14/Engine/Plugins/Experimental/CodeEditor/CodeEditor.uplugin
LogPluginManager: Loaded Plugin CodeView, From C:/Program Files/Epic Games/UE_4.14/Engine/Plugins/Experimental/CodeView/CodeView.uplugin
LogPluginManager: Loaded Plugin HTML5Networking, From C:/Program Files/Epic Games/UE_4.14/Engine/Plugins/Experimental/HTML5Networking/HTML5Networking.uplugin
LogPluginManager: Loaded Plugin OSVR, From C:/Program Files/Epic Games/UE_4.14/Engine/Plugins/Experimental/OSVR/OSVR.uplugin
LogPluginManager: Loaded Plugin Phya, From C:/Program Files/Epic Games/UE_4.14/Engine/Plugins/Experimental/Phya/Phya.uplugin
LogPluginManager: Loaded Plugin SignificanceManager, From C:/Program Files/Epic Games/UE_4.14/Engine/Plugins/Experimental/SignificanceManager/SignificanceManager.uplugin
LogPluginManager: Loaded Plugin SimpleHMD, From C:/Program Files/Epic Games/UE_4.14/Engine/Plugins/Experimental/SimpleHMD/SimpleHMD.uplugin
LogPluginManager: Loaded Plugin StereoPanorama, From C:/Program Files/Epic Games/UE_4.14/Engine/Plugins/Experimental/StereoPanorama/StereoPanorama.uplugin
LogPluginManager: Loaded Plugin StructBox, From C:/Program Files/Epic Games/UE_4.14/Engine/Plugins/Experimental/StructBox/StructBox.uplugin
LogPluginManager: Loaded Plugin AndroidMedia, From C:/Program Files/Epic Games/UE_4.14/Engine/Plugins/Media/AndroidMedia/AndroidMedia.uplugin
LogPluginManager: Loaded Plugin AvfMedia, From C:/Program Files/Epic Games/UE_4.14/Engine/Plugins/Media/AvfMedia/AvfMedia.uplugin
LogPluginManager: Loaded Plugin MediaPlayerEditor, From C:/Program Files/Epic Games/UE_4.14/Engine/Plugins/Media/MediaPlayerEditor/MediaPlayerEditor.uplugin
LogPluginManager: Loaded Plugin WmfMedia, From C:/Program Files/Epic Games/UE_4.14/Engine/Plugins/Media/WmfMedia/WmfMedia.uplugin
LogPluginManager: Loaded Plugin MessagingDebugger, From C:/Program Files/Epic Games/UE_4.14/Engine/Plugins/Messaging/MessagingDebugger/MessagingDebugger.uplugin
LogPluginManager: Loaded Plugin TcpMessaging, From C:/Program Files/Epic Games/UE_4.14/Engine/Plugins/Messaging/TcpMessaging/TcpMessaging.uplugin
LogPluginManager: Loaded Plugin UdpMessaging, From C:/Program Files/Epic Games/UE_4.14/Engine/Plugins/Messaging/UdpMessaging/UdpMessaging.uplugin
LogPluginManager: Loaded Plugin LevelSequenceEditor, From C:/Program Files/Epic Games/UE_4.14/Engine/Plugins/MovieScene/LevelSequenceEditor/LevelSequenceEditor.uplugin
LogPluginManager: Loaded Plugin MatineeToLevelSequence, From C:/Program Files/Epic Games/UE_4.14/Engine/Plugins/MovieScene/MatineeToLevelSequence/MatineeToLevelSequence.uplugin
LogPluginManager: Loaded Plugin NetcodeUnitTest, From C:/Program Files/Epic Games/UE_4.14/Engine/Plugins/NetcodeUnitTest/NetcodeUnitTest/NetcodeUnitTest.uplugin
LogPluginManager: Loaded Plugin NUTUnrealEngine4, From C:/Program Files/Epic Games/UE_4.14/Engine/Plugins/NetcodeUnitTest/NUTUnrealEngine4/NUTUnrealEngine4.uplugin
LogPluginManager: Loaded Plugin OnlineSubsystemGameCircle, From C:/Program Files/Epic Games/UE_4.14/Engine/Plugins/Online/Android/OnlineSubsystemGameCircle/OnlineSubsystemGameCircle.uplugin
LogPluginManager: Loaded Plugin OnlineSubsystemGooglePlay, From C:/Program Files/Epic Games/UE_4.14/Engine/Plugins/Online/Android/OnlineSubsystemGooglePlay/OnlineSubsystemGooglePlay.uplugin
LogPluginManager: Loaded Plugin OnlineSubsystemIOS, From C:/Program Files/Epic Games/UE_4.14/Engine/Plugins/Online/IOS/OnlineSubsystemIOS/OnlineSubsystemIOS.uplugin
LogPluginManager: Loaded Plugin OnlineFramework, From C:/Program Files/Epic Games/UE_4.14/Engine/Plugins/Online/OnlineFramework/OnlineFramework.uplugin
LogPluginManager: Loaded Plugin OnlineSubsystem, From C:/Program Files/Epic Games/UE_4.14/Engine/Plugins/Online/OnlineSubsystem/OnlineSubsystem.uplugin
LogPluginManager: Loaded Plugin OnlineSubsystemAmazon, From C:/Program Files/Epic Games/UE_4.14/Engine/Plugins/Online/OnlineSubsystemAmazon/OnlineSubsystemAmazon.uplugin
LogPluginManager: Loaded Plugin OnlineSubsystemFacebook, From C:/Program Files/Epic Games/UE_4.14/Engine/Plugins/Online/OnlineSubsystemFacebook/OnlineSubsystemFacebook.uplugin
LogPluginManager: Loaded Plugin OnlineSubsystemNull, From C:/Program Files/Epic Games/UE_4.14/Engine/Plugins/Online/OnlineSubsystemNull/OnlineSubsystemNull.uplugin
LogPluginManager: Loaded Plugin OnlineSubsystemOculus, From C:/Program Files/Epic Games/UE_4.14/Engine/Plugins/Online/OnlineSubsystemOculus/OnlineSubsystemOculus.uplugin
LogPluginManager: Loaded Plugin OnlineSubsystemSteam, From C:/Program Files/Epic Games/UE_4.14/Engine/Plugins/Online/OnlineSubsystemSteam/OnlineSubsystemSteam.uplugin
LogPluginManager: Loaded Plugin OnlineSubsystemUtils, From C:/Program Files/Epic Games/UE_4.14/Engine/Plugins/Online/OnlineSubsystemUtils/OnlineSubsystemUtils.uplugin
LogPluginManager: Loaded Plugin IOSTapJoy, From C:/Program Files/Epic Games/UE_4.14/Engine/Plugins/Runtime/Advertising/IOSTapJoy/IOSTapJoy.uplugin
LogPluginManager: Loaded Plugin AnalyticsBlueprintLibrary, From C:/Program Files/Epic Games/UE_4.14/Engine/Plugins/Runtime/Analytics/AnalyticsBlueprintLibrary/AnalyticsBlueprintLibrary.uplugin
LogPluginManager: Loaded Plugin AnalyticsMulticast, From C:/Program Files/Epic Games/UE_4.14/Engine/Plugins/Runtime/Analytics/AnalyticsMulticast/AnalyticsMulticast.uplugin
LogPluginManager: Loaded Plugin Apsalar, From C:/Program Files/Epic Games/UE_4.14/Engine/Plugins/Runtime/Analytics/Apsalar/Apsalar.uplugin
LogPluginManager: Loaded Plugin FileLogging, From C:/Program Files/Epic Games/UE_4.14/Engine/Plugins/Runtime/Analytics/FileLogging/FileLogging.uplugin
LogPluginManager: Loaded Plugin Flurry, From C:/Program Files/Epic Games/UE_4.14/Engine/Plugins/Runtime/Analytics/Flurry/Flurry.uplugin
LogPluginManager: Loaded Plugin AndroidDeviceProfileSelector, From C:/Program Files/Epic Games/UE_4.14/Engine/Plugins/Runtime/AndroidDeviceProfileSelector/AndroidDeviceProfileSelector.uplugin
LogPluginManager: Loaded Plugin AndroidMoviePlayer, From C:/Program Files/Epic Games/UE_4.14/Engine/Plugins/Runtime/AndroidMoviePlayer/AndroidMoviePlayer.uplugin
LogPluginManager: Loaded Plugin AppleMoviePlayer, From C:/Program Files/Epic Games/UE_4.14/Engine/Plugins/Runtime/AppleMoviePlayer/AppleMoviePlayer.uplugin
LogPluginManager: Loaded Plugin ArchVisCharacter, From C:/Program Files/Epic Games/UE_4.14/Engine/Plugins/Runtime/ArchVisCharacter/ArchVisCharacter.uplugin
LogPluginManager: Loaded Plugin CableComponent, From C:/Program Files/Epic Games/UE_4.14/Engine/Plugins/Runtime/CableComponent/CableComponent.uplugin
LogPluginManager: Loaded Plugin CustomMeshComponent, From C:/Program Files/Epic Games/UE_4.14/Engine/Plugins/Runtime/CustomMeshComponent/CustomMeshComponent.uplugin
LogPluginManager: Loaded Plugin ExampleDeviceProfileSelector, From C:/Program Files/Epic Games/UE_4.14/Engine/Plugins/Runtime/ExampleDeviceProfileSelector/ExampleDeviceProfileSelector.uplugin
LogPluginManager: Loaded Plugin GearVR, From C:/Program Files/Epic Games/UE_4.14/Engine/Plugins/Runtime/GearVR/GearVR.uplugin
LogPluginManager: Loaded Plugin GoogleVRController, From C:/Program Files/Epic Games/UE_4.14/Engine/Plugins/Runtime/GoogleVR/GoogleVRController/GoogleVRController.uplugin
LogPluginManager: Loaded Plugin GoogleVRHMD, From C:/Program Files/Epic Games/UE_4.14/Engine/Plugins/Runtime/GoogleVR/GoogleVRHMD/GoogleVRHMD.uplugin
LogPluginManager: Loaded Plugin IOSDeviceProfileSelector, From C:/Program Files/Epic Games/UE_4.14/Engine/Plugins/Runtime/IOSDeviceProfileSelector/IOSDeviceProfileSelector.uplugin
LogPluginManager: Loaded Plugin LeapMotion, From C:/Program Files/Epic Games/UE_4.14/Engine/Plugins/Runtime/LeapMotion/LeapMotion.uplugin
LogPluginManager: Loaded Plugin LinuxDeviceProfileSelector, From C:/Program Files/Epic Games/UE_4.14/Engine/Plugins/Runtime/LinuxDeviceProfileSelector/LinuxDeviceProfileSelector.uplugin
LogPluginManager: Loaded Plugin MIDIDevice, From C:/Program Files/Epic Games/UE_4.14/Engine/Plugins/Runtime/MIDIDevice/MIDIDevice.uplugin
LogPluginManager: Loaded Plugin MobilePatchingUtils, From C:/Program Files/Epic Games/UE_4.14/Engine/Plugins/Runtime/MobilePatchingUtils/MobilePatchingUtils.uplugin
LogPluginManager: Loaded Plugin Ansel, From C:/Program Files/Epic Games/UE_4.14/Engine/Plugins/Runtime/Nvidia/Ansel/Ansel.uplugin
LogPluginManager: Loaded Plugin OculusAudio, From C:/Program Files/Epic Games/UE_4.14/Engine/Plugins/Runtime/OculusAudio/OculusAudio.uplugin
LogPluginManager: Loaded Plugin OculusInput, From C:/Program Files/Epic Games/UE_4.14/Engine/Plugins/Runtime/OculusInput/OculusInput.uplugin
LogPluginManager: Loaded Plugin OculusLibrary, From C:/Program Files/Epic Games/UE_4.14/Engine/Plugins/Runtime/OculusLibrary/OculusLibrary.uplugin
LogPluginManager: Loaded Plugin OculusRift, From C:/Program Files/Epic Games/UE_4.14/Engine/Plugins/Runtime/OculusRift/OculusRift.uplugin
LogPluginManager: Loaded Plugin Oodle, From C:/Program Files/Epic Games/UE_4.14/Engine/Plugins/Runtime/PacketHandlers/CompressionComponents/Oodle/Oodle.uplugin
LogPluginManager: Loaded Plugin ProceduralMeshComponent, From C:/Program Files/Epic Games/UE_4.14/Engine/Plugins/Runtime/ProceduralMeshComponent/ProceduralMeshComponent.uplugin
LogPluginManager: Loaded Plugin SoundMod, From C:/Program Files/Epic Games/UE_4.14/Engine/Plugins/Runtime/SoundMod/SoundMod.uplugin
LogPluginManager: Loaded Plugin SoundVisualizations, From C:/Program Files/Epic Games/UE_4.14/Engine/Plugins/Runtime/SoundVisualizations/SoundVisualizations.uplugin
LogPluginManager: Loaded Plugin SteamController, From C:/Program Files/Epic Games/UE_4.14/Engine/Plugins/Runtime/Steam/SteamController/SteamController.uplugin
LogPluginManager: Loaded Plugin SteamVR, From C:/Program Files/Epic Games/UE_4.14/Engine/Plugins/Runtime/Steam/SteamVR/SteamVR.uplugin
LogPluginManager: Loaded Plugin WebBrowserWidget, From C:/Program Files/Epic Games/UE_4.14/Engine/Plugins/Runtime/WebBrowserWidget/WebBrowserWidget.uplugin
LogPluginManager: Loaded Plugin WindowsDeviceProfileSelector, From C:/Program Files/Epic Games/UE_4.14/Engine/Plugins/Runtime/WindowsDeviceProfileSelector/WindowsDeviceProfileSelector.uplugin
LogPluginManager: Loaded Plugin WindowsMoviePlayer, From C:/Program Files/Epic Games/UE_4.14/Engine/Plugins/Runtime/WindowsMoviePlayer/WindowsMoviePlayer.uplugin
LogPluginManager: Loaded Plugin ScriptPlugin, From C:/Program Files/Epic Games/UE_4.14/Engine/Plugins/ScriptPlugin/ScriptPlugin.uplugin
LogPluginManager: Loaded Plugin SlateRemote, From C:/Program Files/Epic Games/UE_4.14/Engine/Plugins/Slate/SlateRemote/SlateRemote.uplugin
LogPluginManager: Loaded Plugin EditorTests, From C:/Program Files/Epic Games/UE_4.14/Engine/Plugins/Tests/EditorTests/EditorTests.uplugin
LogPluginManager: Loaded Plugin FbxAutomationTestBuilder, From C:/Program Files/Epic Games/UE_4.14/Engine/Plugins/Tests/FbxAutomationTestBuilder/FbxAutomationTestBuilder.uplugin
LogPluginManager: Loaded Plugin FunctionalTestingEditor, From C:/Program Files/Epic Games/UE_4.14/Engine/Plugins/Tests/FunctionalTestingEditor/FunctionalTestingEditor.uplugin
LogPluginManager: Loaded Plugin RuntimeTests, From C:/Program Files/Epic Games/UE_4.14/Engine/Plugins/Tests/RuntimeTests/RuntimeTests.uplugin
LogPluginManager: Loaded Plugin ScreenshotTools, From C:/Program Files/Epic Games/UE_4.14/Engine/Plugins/Tests/ScreenshotTools/ScreenshotTools.uplugin
LogInit: Using libcurl 7.47.1
LogInit:  - built for x86_64-pc-win32
LogInit:  - supports SSL with OpenSSL/1.0.2g
LogInit:  - supports HTTP deflate (compression) using libz 1.2.8
LogInit:  - other features:
LogInit:      CURL_VERSION_SSL
LogInit:      CURL_VERSION_LIBZ
LogInit:      CURL_VERSION_IPV6
LogInit:      CURL_VERSION_ASYNCHDNS
LogInit:      CURL_VERSION_LARGEFILE
LogInit:      CURL_VERSION_IDN
LogInit:  CurlRequestOptions (configurable via config and command line):
LogInit:  - bVerifyPeer = false  - Libcurl will NOT verify peer certificate
LogInit:  - bUseHttpProxy = false  - Libcurl will NOT use HTTP proxy
LogInit:  - bDontReuseConnections = false  - Libcurl will reuse connections
LogInit:  - CertBundlePath = nullptr  - Libcurl will use whatever was configured at build time.
LeapPluginLog: Using LeapPlugin version 2.0.0
OCULUS: Info: [CAPI] LibOVR module is located at C:\Program Files\Oculus\Support\oculus-runtime\LibOVRRT64_1.dll
OCULUS: Debug: Connected to the server running version (prod = 1).1.24.0(build = 547103) feature version = 0. Client runs version (prod = 1).1.24.0(build = 0) feature version = 0
LogInit: Build: ++UE4+Release-4.14-CL-3249277
LogInit: Engine Version: 4.14.3-3249277+++UE4+Release-4.14
LogInit: Compatible Engine Version: 4.14.0-3195953+++UE4+Release-4.14
LogInit: Net CL: 3195953
LogDevObjectVersion: Number of dev versions registered: 13
LogDevObjectVersion:   Dev-Blueprints (B0D832E4-1F89-4F0D-ACCF-7EB736FD4AA2): 7
LogDevObjectVersion:   Dev-Build (E1C64328-A22C-4D53-A36C-8E866417BD8C): 0
LogDevObjectVersion:   Dev-Core (375EC13C-06E4-48FB-B500-84F0262A717E): 1
LogDevObjectVersion:   Dev-Editor (E4B068ED-F494-42E9-A231-DA0B2E46BB41): 8
LogDevObjectVersion:   Dev-Framework (CFFC743F-43B0-4480-9391-14DF171D2073): 17
LogDevObjectVersion:   Dev-Mobile (B02B49B5-BB20-44E9-A304-32B752E40360): 0
LogDevObjectVersion:   Dev-Networking (A4E4105C-59A1-49B5-A7C5-40C4547EDFEE): 0
LogDevObjectVersion:   Dev-Online (39C831C9-5AE6-47DC-9A44-9C173E1C8E7C): 0
LogDevObjectVersion:   Dev-Physics (78F01B33-EBEA-4F98-B9B4-84EACCB95AA2): 0
LogDevObjectVersion:   Dev-Platform (6631380F-2D4D-43E0-8009-CF276956A95A): 0
LogDevObjectVersion:   Dev-Rendering (12F88B9F-8875-4AFC-A67C-D90C383ABD29): 12
LogDevObjectVersion:   Dev-Sequencer (7B5AE74C-D270-4C10-A958-57980B212A5A): 1
LogDevObjectVersion:   Dev-VR (D7296918-1DD6-4BDD-9DE2-64A83CC13884): 0
LogInit: Compiled (64-bit): Jan  6 2017 10:49:43
LogInit: Compiled with Visual C++: 19.00.23026.00
LogInit: Build Configuration: Development
LogInit: Branch Name: ++UE4+Release-4.14
LogInit: Command line:  
LogInit: Base directory: C:/Program Files/Epic Games/UE_4.14/Engine/Binaries/Win64/
LogInit: Installed Engine Build: 1
LogInit: Presizing for max 8388607 objects, including 0 objects not considered by GC, pre-allocating 0 bytes for permanent pool.
LogInit: Object subsystem initialized
[2018.04.03-00.39.45:856][  0]LogInit: Selected Device Profile: [Windows]
[2018.04.03-00.39.45:856][  0]LogInit: Applying CVar settings loaded from the selected device profile: [Windows]
[2018.04.03-00.39.45:887][  0]LogInit: Computer: LAPTOP-SDOJ2DHJ
[2018.04.03-00.39.45:887][  0]LogInit: User: teamd
[2018.04.03-00.39.45:887][  0]LogInit: CPU Page size=65536, Cores=4
[2018.04.03-00.39.45:887][  0]LogInit: High frequency timer resolution =2.742185 MHz
[2018.04.03-00.39.45:887][  0]LogMemory: Memory total: Physical=15.9GB (16GB approx)
[2018.04.03-00.39.45:887][  0]LogMemory: Platform Memory Stats for Windows
[2018.04.03-00.39.45:887][  0]LogMemory: Process Physical Memory: 272.60 MB used, 272.60 MB peak
[2018.04.03-00.39.45:887][  0]LogMemory: Process Virtual Memory: 266.88 MB used, 266.88 MB peak
[2018.04.03-00.39.45:887][  0]LogMemory: Physical Memory: 5722.46 MB used,  10545.13 MB free, 16267.60 MB total
[2018.04.03-00.39.45:887][  0]LogMemory: Virtual Memory: 796.12 MB used,  10545.13 MB free, 134217728.00 MB total
[2018.04.03-00.39.46:320][  0]LogTextLocalizationManager: No specific translations for ('en-US') exist, so ('en') translations will be used.
[2018.04.03-00.39.49:056][  0]LogD3D11RHI: D3D11 adapters:
[2018.04.03-00.39.49:099][  0]LogD3D11RHI:    0. 'NVIDIA GeForce GTX 1060' (Feature Level 11_0)
[2018.04.03-00.39.49:099][  0]LogD3D11RHI:       6084/0/8133 MB DedicatedVideo/DedicatedSystem/SharedSystem, Outputs:1, VendorId:0x10de
[2018.04.03-00.39.49:112][  0]LogD3D11RHI:    1. 'Intel(R) HD Graphics 630' (Feature Level 11_0)
[2018.04.03-00.39.49:112][  0]LogD3D11RHI:       128/0/8133 MB DedicatedVideo/DedicatedSystem/SharedSystem, Outputs:0, VendorId:0x8086
[2018.04.03-00.39.49:114][  0]LogD3D11RHI:    2. 'Microsoft Basic Render Driver' (Feature Level 11_0)
[2018.04.03-00.39.49:114][  0]LogD3D11RHI:       0/0/8133 MB DedicatedVideo/DedicatedSystem/SharedSystem, Outputs:0, VendorId:0x1414
[2018.04.03-00.39.49:114][  0]LogD3D11RHI: Chosen D3D11 Adapter: 0
[2018.04.03-00.39.49:123][  0]LogD3D11RHI: Creating new Direct3DDevice
[2018.04.03-00.39.49:123][  0]LogD3D11RHI:     GPU DeviceId: 0x1c20 (for the marketing name, search the web for "GPU Device Id")
[2018.04.03-00.39.49:123][  0]LogWindows: EnumDisplayDevices:
[2018.04.03-00.39.49:124][  0]LogWindows:    0. 'Intel(R) HD Graphics 630' (P:1 D:1)
[2018.04.03-00.39.49:124][  0]LogWindows:    1. 'Intel(R) HD Graphics 630' (P:0 D:0)
[2018.04.03-00.39.49:124][  0]LogWindows:    2. 'Intel(R) HD Graphics 630' (P:0 D:0)
[2018.04.03-00.39.49:124][  0]LogWindows:    3. 'NVIDIA GeForce GTX 1060' (P:0 D:0)
[2018.04.03-00.39.49:124][  0]LogWindows: DebugString: GetVideoDriverDetailsInvalid PrimaryIsNotTheChoosenAdapter GetVideoDriverDetailsInvalid PrimaryIsNotTheChoosenAdapter GetVideoDriverDetailsInvalid PrimaryIsNotTheChoosenAdapter GetVideoDriverDetailsInvalid PrimaryIsNotTheChoosenAdapter FoundDriverCount:0 
[2018.04.03-00.39.49:124][  0]LogD3D11RHI:     Adapter Name: NVIDIA GeForce GTX 1060
[2018.04.03-00.39.49:124][  0]LogD3D11RHI:   Driver Version: Unknown (internal:Unknown, unified:Unknown)
[2018.04.03-00.39.49:124][  0]LogD3D11RHI:      Driver Date: Unknown
[2018.04.03-00.39.49:124][  0]LogRHI: Texture pool is 1361 MB (70% of 1945 MB)
[2018.04.03-00.39.49:149][  0]LogD3D11RHI: Async texture creation enabled
[2018.04.03-00.39.49:191][  0]LogD3D11RHI: GPU Timing Frequency: 1000.000000 (Debug: 2 2)
[2018.04.03-00.39.49:198][  0]LogShaderCompilers: Guid format shader working directory is -27 characters bigger than the processId version (../../../../../../Users/teamd/Documents/Unreal Projects/example_3dwidget/Intermediate/Shaders/WorkingDirectory/17636/).
[2018.04.03-00.39.49:198][  0]LogShaderCompilers: Cleaned the shader compiler working directory 'C:/Users/teamd/AppData/Local/Temp/UnrealShaderWorkingDir/5068D707432467514C75A2BD66808256/'.
[2018.04.03-00.39.49:198][  0]LogShaderCompilers:Display: Using Local Shader Compiler.
[2018.04.03-00.39.51:380][  0]LogTemp:Display: Loaded TP AllDesktopTargetPlatform
[2018.04.03-00.39.51:444][  0]LogTemp:Display: Loaded TP MacClientTargetPlatform
[2018.04.03-00.39.51:506][  0]LogTemp:Display: Loaded TP MacNoEditorTargetPlatform
[2018.04.03-00.39.51:570][  0]LogTemp:Display: Loaded TP MacServerTargetPlatform
[2018.04.03-00.39.51:634][  0]LogTemp:Display: Loaded TP MacTargetPlatform
[2018.04.03-00.39.51:696][  0]LogTemp:Display: Loaded TP WindowsClientTargetPlatform
[2018.04.03-00.39.51:759][  0]LogTemp:Display: Loaded TP WindowsNoEditorTargetPlatform
[2018.04.03-00.39.51:822][  0]LogTemp:Display: Loaded TP WindowsServerTargetPlatform
[2018.04.03-00.39.51:875][  0]LogTemp:Display: Loaded TP WindowsTargetPlatform
[2018.04.03-00.39.51:941][  0]LogTemp:Display: Loaded TP AndroidTargetPlatform
[2018.04.03-00.39.52:002][  0]LogTemp:Display: Loaded TP Android_ASTCTargetPlatform
[2018.04.03-00.39.52:064][  0]LogTemp:Display: Loaded TP Android_ATCTargetPlatform
[2018.04.03-00.39.52:125][  0]LogTemp:Display: Loaded TP Android_DXTTargetPlatform
[2018.04.03-00.39.52:188][  0]LogTemp:Display: Loaded TP Android_ETC1TargetPlatform
[2018.04.03-00.39.52:250][  0]LogTemp:Display: Loaded TP Android_ETC2TargetPlatform
[2018.04.03-00.39.52:373][  0]LogTemp:Display: Loaded TP Android_MultiTargetPlatform
[2018.04.03-00.39.52:373][  0]LogTemp:Display: Loaded TP Android_PVRTCTargetPlatform
[2018.04.03-00.39.52:417][  0]LogTemp:Display: Loaded TP HTML5TargetPlatform
[2018.04.03-00.39.52:526][  0]LogTemp:Display: Loaded TP IOSTargetPlatform
[2018.04.03-00.39.52:563][  0]LogTemp:Display: Loaded TP TVOSTargetPlatform
[2018.04.03-00.39.52:625][  0]LogTemp:Display: Loaded TP LinuxClientTargetPlatform
[2018.04.03-00.39.52:686][  0]LogTemp:Display: Loaded TP LinuxNoEditorTargetPlatform
[2018.04.03-00.39.52:747][  0]LogTemp:Display: Loaded TP LinuxServerTargetPlatform
[2018.04.03-00.39.52:813][  0]LogTemp:Display: Loaded TP LinuxTargetPlatform
[2018.04.03-00.39.52:813][  0]LogTargetPlatformManager:Display: Building Assets For Windows
[2018.04.03-00.39.53:363][  0]LogDerivedDataCache:Display: Max Cache Size: 512 MB
[2018.04.03-00.39.53:597][  0]LogDerivedDataCache: Loaded boot cache 0.23s 50MB C:/Users/teamd/AppData/Local/UnrealEngine/4.14/DerivedDataCache/Boot.ddc.
[2018.04.03-00.39.53:597][  0]LogDerivedDataCache:Display: Loaded Boot cache: C:/Users/teamd/AppData/Local/UnrealEngine/4.14/DerivedDataCache/Boot.ddc
[2018.04.03-00.39.53:597][  0]LogDerivedDataCache: FDerivedDataBackendGraph:  Pak pak cache file ../../../../../../Users/teamd/Documents/Unreal Projects/example_3dwidget/DerivedDataCache/DDC.ddp not found, will not use a pak cache.
[2018.04.03-00.39.53:597][  0]LogDerivedDataCache: Unable to find inner node Pak for hierarchical cache Hierarchy.
[2018.04.03-00.39.53:597][  0]LogDerivedDataCache: FDerivedDataBackendGraph:  CompressedPak pak cache file ../../../../../../Users/teamd/Documents/Unreal Projects/example_3dwidget/DerivedDataCache/Compressed.ddp not found, will not use a pak cache.
[2018.04.03-00.39.53:597][  0]LogDerivedDataCache: Unable to find inner node CompressedPak for hierarchical cache Hierarchy.
[2018.04.03-00.39.53:624][  0]LogDerivedDataCache:Display: Pak cache opened for reading ../../../Engine/DerivedDataCache/Compressed.ddp.
[2018.04.03-00.39.53:637][  0]LogDerivedDataCache: Using Local data cache path C:/Users/teamd/AppData/Local/UnrealEngine/Common/DerivedDataCache: Writable
[2018.04.03-00.39.54:693][  0]LogInit: Selected Device Profile: [Windows]
[2018.04.03-00.39.54:701][  0]LogContentStreaming: Texture pool size is 0.00 MB
[2018.04.03-00.39.55:015][  0]LogMeshUtilities: Using QuadricMeshReduction for automatic static mesh reduction
[2018.04.03-00.39.55:079][  0]LogSimplygon: Simplygon DLL not present - disabling.
[2018.04.03-00.39.55:141][  0]LogMeshUtilities: Using SimplygonSwarm for distributed automatic mesh merging
[2018.04.03-00.39.55:141][  0]LogMeshUtilities: No automatic skeletal mesh reduction module available
[2018.04.03-00.39.55:141][  0]LogMeshUtilities: No automatic mesh merging module available
[2018.04.03-00.39.56:788][  0]LogNetVersion: GetLocalNetworkVersion: CL: 3195953, ProjectName: example_3dwidget, ProjectVersion: , EngineNetworkVersion: 2, GameNetworkVersion: 0, NetworkChecksum: 779462881
[2018.04.03-00.39.56:880][  0]LogAssetRegistry: FAssetRegistry took 0.0258 seconds to start up
[2018.04.03-00.39.56:952][  0]LogPackageLocalizationCache: Processed 4 localized package path(s) for 2 prioritized culture(s) in 0.044646 seconds
[2018.04.03-00.39.56:959][  0]LogUObjectArray: 32631 objects as part of root set at end of initial load.
[2018.04.03-00.39.56:959][  0]LogUObjectAllocator: 7053576 out of 0 bytes used by permanent object pool.
[2018.04.03-00.39.56:959][  0]LogUObjectArray: CloseDisregardForGC: 0/0 objects in disregard for GC pool
[2018.04.03-00.39.57:037][  0]LogInit: WinSock: version 1.1 (2.2), MaxSocks=32767, MaxUdp=65467
[2018.04.03-00.39.58:122][  0]LogSlate: Using Freetype 2.6.0
[2018.04.03-00.39.58:130][  0]LogSlate: SlateFontCache - WITH_FREETYPE: 1, WITH_HARFBUZZ: 1
[2018.04.03-00.39.58:130][  0]LogSlate: SlateFontCache - WITH_FREETYPE: 1, WITH_HARFBUZZ: 1
[2018.04.03-00.40.01:635][  0]LogTcpMessaging: Initializing TcpMessaging bridge
[2018.04.03-00.40.01:686][  0]LogUdpMessaging: Initializing bridge on interface 0.0.0.0:0 to multicast group 230.0.0.1:6666.
[2018.04.03-00.40.02:176][  0]LogMaterial: Uniform references updated for custom material expression Custom.
[2018.04.03-00.40.02:683][  0]SourceControl: Info Source control is disabled
[2018.04.03-00.40.02:759][  0]SourceControl: Info Source control is disabled
[2018.04.03-00.40.02:829][  0]SourceControl: Info Source control is disabled
[2018.04.03-00.40.02:889][  0]SourceControl: Info Source control is disabled
[2018.04.03-00.40.03:807][  0]LogModuleManager:Warning: ModuleManager: Unable to load module 'C:/Program Files/Epic Games/UE_4.14/Engine/Plugins/NetcodeUnitTest/NUTUnrealEngine4/Binaries/Win64/UE4Editor-NUTUnrealEngine4.dll' because the file couldn't be loaded by the OS.
[2018.04.03-00.40.08:822][  0]LogWindowsTextInputMethodSystem:Display: IME system now deactivated.
[2018.04.03-00.40.08:823][  0]LogWindowsTextInputMethodSystem:Display: IME system now deactivated.
[2018.04.03-00.40.08:856][  0]LogExit: Preparing to exit.
[2018.04.03-00.40.09:948][  0]LogObj: Freed 0b from 0 cluster array pools.
[2018.04.03-00.40.09:949][  0]LogExit: Object subsystem successfully closed.
[2018.04.03-00.40.09:963][  0]LogD3D11RHI: Shutdown
[2018.04.03-00.40.09:964][  0]LogD3D11RHI: CleanupD3DDevice
[2018.04.03-00.40.10:003][  0]LogD3D11RHI: ~FD3D11DynamicRHI
[2018.04.03-00.40.10:041][  0]LogModuleManager: Shutting down and abandoning module MediaPlayerEditor (133)
[2018.04.03-00.40.10:043][  0]LogModuleManager: Shutting down and abandoning module HTML5Networking (132)
[2018.04.03-00.40.10:044][  0]LogModuleManager: Shutting down and abandoning module GeometryCacheEd (131)
[2018.04.03-00.40.10:044][  0]LogModuleManager: Shutting down and abandoning module GeometryCache (130)
[2018.04.03-00.40.10:044][  0]LogModuleManager: Shutting down and abandoning module AlembicLibrary (129)
[2018.04.03-00.40.10:044][  0]LogModuleManager: Shutting down and abandoning module AlembicImporter (128)
[2018.04.03-00.40.10:044][  0]LogModuleManager: Shutting down and abandoning module SuperSearch (127)
[2018.04.03-00.40.10:045][  0]LogModuleManager: Shutting down and abandoning module SuperSearchEditor (126)
[2018.04.03-00.40.10:045][  0]LogModuleManager: Shutting down and abandoning module SpeedTreeImporter (125)
[2018.04.03-00.40.10:045][  0]LogModuleManager: Shutting down and abandoning module PluginBrowser (124)
[2018.04.03-00.40.10:045][  0]LogModuleManager: Shutting down and abandoning module MobileLauncherProfileWizard (123)
[2018.04.03-00.40.10:046][  0]LogModuleManager: Shutting down and abandoning module EpicSurvey (122)
[2018.04.03-00.40.10:047][  0]LogModuleManager: Shutting down and abandoning module DesktopPlatform (121)
[2018.04.03-00.40.10:047][  0]LogModuleManager: Shutting down and abandoning module VisualStudioSourceCodeAccess (120)
[2018.04.03-00.40.10:047][  0]LogModuleManager: Shutting down and abandoning module UObjectPlugin (119)
[2018.04.03-00.40.10:047][  0]LogModuleManager: Shutting down and abandoning module SubversionSourceControl (118)
[2018.04.03-00.40.10:047][  0]LogModuleManager: Shutting down and abandoning module PerforceSourceControl (117)
[2018.04.03-00.40.10:047][  0]LogModuleManager: Shutting down and abandoning module SourceControl (116)
[2018.04.03-00.40.10:047][  0]LogModuleManager: Shutting down and abandoning module GitSourceControl (115)
[2018.04.03-00.40.10:047][  0]LogModuleManager: Shutting down and abandoning module LightPropagationVolumeEditor (114)
[2018.04.03-00.40.10:047][  0]LogModuleManager: Shutting down and abandoning module PaperTiledImporter (113)
[2018.04.03-00.40.10:047][  0]LogModuleManager: Shutting down and abandoning module PaperSpriteSheetImporter (112)
[2018.04.03-00.40.10:047][  0]LogModuleManager: Shutting down and abandoning module MeshPaint (111)
[2018.04.03-00.40.10:048][  0]LogModuleManager: Shutting down and abandoning module PixelInspectorModule (110)
[2018.04.03-00.40.10:048][  0]LogModuleManager: Shutting down and abandoning module HotReload (109)
[2018.04.03-00.40.10:049][  0]LogModuleManager: Shutting down and abandoning module MainFrame (108)
[2018.04.03-00.40.10:049][  0]LogModuleManager: Shutting down and abandoning module LevelEditor (107)
[2018.04.03-00.40.10:050][  0]LogModuleManager: Shutting down and abandoning module ContentBrowser (106)
[2018.04.03-00.40.10:054][  0]LogModuleManager: Shutting down and abandoning module Paper2DEditor (105)
[2018.04.03-00.40.10:055][  0]LogModuleManager: Shutting down and abandoning module UdpMessaging (104)
[2018.04.03-00.40.10:155][  0]LogModuleManager: Shutting down and abandoning module TcpMessaging (103)
[2018.04.03-00.40.10:641][  0]LogModuleManager: Shutting down and abandoning module LightPropagationVolumeRuntime (102)
[2018.04.03-00.40.10:641][  0]LogModuleManager: Shutting down and abandoning module Paper2D (101)
[2018.04.03-00.40.10:641][  0]LogModuleManager: Shutting down and abandoning module WindowsMoviePlayer (100)
[2018.04.03-00.40.10:641][  0]LogModuleManager: Shutting down and abandoning module WmfMedia (99)
[2018.04.03-00.40.10:647][  0]LogModuleManager: Shutting down and abandoning module MediaAssets (98)
[2018.04.03-00.40.10:647][  0]LogModuleManager: Shutting down and abandoning module GameLiveStreaming (97)
[2018.04.03-00.40.10:647][  0]LogModuleManager: Shutting down and abandoning module GameplayTagsEditor (96)
[2018.04.03-00.40.10:647][  0]LogModuleManager: Shutting down and abandoning module VREditor (95)
[2018.04.03-00.40.10:647][  0]LogModuleManager: Shutting down and abandoning module GameplayTasksEditor (94)
[2018.04.03-00.40.10:647][  0]LogModuleManager: Shutting down and abandoning module BehaviorTreeEditor (93)
[2018.04.03-00.40.10:647][  0]LogModuleManager: Shutting down and abandoning module FunctionalTesting (92)
[2018.04.03-00.40.10:647][  0]LogModuleManager: Shutting down and abandoning module CollisionAnalyzer (91)
[2018.04.03-00.40.10:648][  0]LogModuleManager: Shutting down and abandoning module Sequencer (90)
[2018.04.03-00.40.10:649][  0]LogModuleManager: Shutting down and abandoning module WorkspaceMenuStructure (89)
[2018.04.03-00.40.10:649][  0]LogModuleManager: Shutting down and abandoning module MessageLog (88)
[2018.04.03-00.40.10:650][  0]LogModuleManager: Shutting down and abandoning module AssetTools (87)
[2018.04.03-00.40.10:652][  0]LogModuleManager: Shutting down and abandoning module UMGEditor (86)
[2018.04.03-00.40.10:653][  0]LogModuleManager: Shutting down and abandoning module UMG (85)
[2018.04.03-00.40.10:654][  0]LogModuleManager: Shutting down and abandoning module SlateReflector (84)
[2018.04.03-00.40.10:655][  0]LogModuleManager: Shutting down and abandoning module Slate (83)
[2018.04.03-00.40.10:655][  0]LogModuleManager: Shutting down and abandoning module EditorStyle (82)
[2018.04.03-00.40.10:657][  0]LogModuleManager: Shutting down and abandoning module SourceCodeAccess (81)
[2018.04.03-00.40.10:657][  0]LogModuleManager: Shutting down and abandoning module HeadMountedDisplay (80)
[2018.04.03-00.40.10:657][  0]LogModuleManager: Shutting down and abandoning module XAudio2 (79)
[2018.04.03-00.40.10:658][  0]LogModuleManager: Shutting down and abandoning module Networking (77)
[2018.04.03-00.40.10:658][  0]LogModuleManager: Shutting down and abandoning module Core (76)
[2018.04.03-00.40.10:658][  0]LogModuleManager: Shutting down and abandoning module DirectoryWatcher (75)
[2018.04.03-00.40.10:658][  0]LogDirectoryWatcher: A directory notification for '../../../Engine/Content/' was aborted.
[2018.04.03-00.40.10:658][  0]LogDirectoryWatcher: A directory notification for '../../../../../../Users/teamd/Documents/Unreal Projects/example_3dwidget/Content/' was aborted.
[2018.04.03-00.40.10:659][  0]LogDirectoryWatcher: A directory notification for '../../../Engine/Plugins/2D/Paper2D/Content/' was aborted.
[2018.04.03-00.40.10:659][  0]LogDirectoryWatcher: A directory notification for '../../../Engine/Plugins/Runtime/LeapMotion/Content/' was aborted.
[2018.04.03-00.40.10:659][  0]LogModuleManager: Shutting down and abandoning module AssetRegistry (74)
[2018.04.03-00.40.10:726][  0]LogModuleManager: Shutting down and abandoning module KismetCompiler (73)
[2018.04.03-00.40.10:726][  0]LogModuleManager: Shutting down and abandoning module PhysXFormats (72)
[2018.04.03-00.40.10:726][  0]LogModuleManager: Shutting down and abandoning module SimplygonSwarm (71)
[2018.04.03-00.40.10:726][  0]LogModuleManager: Shutting down and abandoning module SimplygonMeshReduction (70)
[2018.04.03-00.40.10:726][  0]LogModuleManager: Shutting down and abandoning module QuadricMeshReduction (69)
[2018.04.03-00.40.10:726][  0]LogModuleManager: Shutting down and abandoning module PropertyEditor (68)
[2018.04.03-00.40.10:729][  0]LogModuleManager: Shutting down and abandoning module MeshUtilities (67)
[2018.04.03-00.40.10:731][  0]LogModuleManager: Shutting down and abandoning module DerivedDataCache (66)
[2018.04.03-00.40.11:148][  0]LogDerivedDataCache: Shutdown
[2018.04.03-00.40.11:148][  0]LogModuleManager: Shutting down and abandoning module VulkanShaderFormat (65)
[2018.04.03-00.40.11:148][  0]LogModuleManager: Shutting down and abandoning module ShaderFormatOpenGL (64)
[2018.04.03-00.40.11:153][  0]LogModuleManager: Shutting down and abandoning module ShaderFormatD3D (63)
[2018.04.03-00.40.11:153][  0]LogModuleManager: Shutting down and abandoning module MetalShaderFormat (62)
[2018.04.03-00.40.11:154][  0]LogModuleManager: Shutting down and abandoning module TextureFormatUncompressed (61)
[2018.04.03-00.40.11:154][  0]LogModuleManager: Shutting down and abandoning module TextureFormatPVR (60)
[2018.04.03-00.40.11:154][  0]LogModuleManager: Shutting down and abandoning module TextureFormatDXT (59)
[2018.04.03-00.40.11:154][  0]LogModuleManager: Shutting down and abandoning module TextureFormatIntelISPCTexComp (58)
[2018.04.03-00.40.11:154][  0]LogModuleManager: Shutting down and abandoning module ImageWrapper (57)
[2018.04.03-00.40.11:154][  0]LogModuleManager: Shutting down and abandoning module TextureFormatASTC (56)
[2018.04.03-00.40.11:154][  0]LogModuleManager: Shutting down and abandoning module TextureFormatAndroid (55)
[2018.04.03-00.40.11:154][  0]LogModuleManager: Shutting down and abandoning module AudioFormatOpus (54)
[2018.04.03-00.40.11:154][  0]LogModuleManager: Shutting down and abandoning module AudioFormatOgg (53)
[2018.04.03-00.40.11:154][  0]LogModuleManager: Shutting down and abandoning module AudioFormatADPCM (52)
[2018.04.03-00.40.11:154][  0]LogModuleManager: Shutting down and abandoning module LinuxTargetPlatform (51)
[2018.04.03-00.40.11:154][  0]LogModuleManager: Shutting down and abandoning module LinuxServerTargetPlatform (50)
[2018.04.03-00.40.11:154][  0]LogModuleManager: Shutting down and abandoning module LinuxNoEditorTargetPlatform (49)
[2018.04.03-00.40.11:154][  0]LogModuleManager: Shutting down and abandoning module LinuxClientTargetPlatform (48)
[2018.04.03-00.40.11:154][  0]LogModuleManager: Shutting down and abandoning module TVOSTargetPlatform (47)
[2018.04.03-00.40.11:154][  0]LogModuleManager: Shutting down and abandoning module Messaging (46)
[2018.04.03-00.40.11:154][  0]LogModuleManager: Shutting down and abandoning module IOSTargetPlatform (45)
[2018.04.03-00.40.11:154][  0]LogModuleManager: Shutting down and abandoning module HTML5TargetPlatform (44)
[2018.04.03-00.40.11:154][  0]LogModuleManager: Shutting down and abandoning module Android_PVRTCTargetPlatform (43)
[2018.04.03-00.40.11:154][  0]LogModuleManager: Shutting down and abandoning module Android_MultiTargetPlatform (42)
[2018.04.03-00.40.11:154][  0]LogModuleManager: Shutting down and abandoning module Android_ETC2TargetPlatform (41)
[2018.04.03-00.40.11:154][  0]LogModuleManager: Shutting down and abandoning module Android_ETC1TargetPlatform (40)
[2018.04.03-00.40.11:154][  0]LogModuleManager: Shutting down and abandoning module Android_DXTTargetPlatform (39)
[2018.04.03-00.40.11:154][  0]LogModuleManager: Shutting down and abandoning module Android_ATCTargetPlatform (38)
[2018.04.03-00.40.11:154][  0]LogModuleManager: Shutting down and abandoning module Android_ASTCTargetPlatform (37)
[2018.04.03-00.40.11:154][  0]LogModuleManager: Shutting down and abandoning module AndroidTargetPlatform (36)
[2018.04.03-00.40.11:154][  0]LogModuleManager: Shutting down and abandoning module WindowsTargetPlatform (35)
[2018.04.03-00.40.11:154][  0]LogModuleManager: Shutting down and abandoning module WindowsServerTargetPlatform (34)
[2018.04.03-00.40.11:154][  0]LogModuleManager: Shutting down and abandoning module WindowsNoEditorTargetPlatform (33)
[2018.04.03-00.40.11:154][  0]LogModuleManager: Shutting down and abandoning module WindowsClientTargetPlatform (32)
[2018.04.03-00.40.11:154][  0]LogModuleManager: Shutting down and abandoning module MacTargetPlatform (31)
[2018.04.03-00.40.11:154][  0]LogModuleManager: Shutting down and abandoning module MacServerTargetPlatform (30)
[2018.04.03-00.40.11:154][  0]LogModuleManager: Shutting down and abandoning module MacNoEditorTargetPlatform (29)
[2018.04.03-00.40.11:154][  0]LogModuleManager: Shutting down and abandoning module MacClientTargetPlatform (28)
[2018.04.03-00.40.11:154][  0]LogModuleManager: Shutting down and abandoning module AllDesktopTargetPlatform (27)
[2018.04.03-00.40.11:154][  0]LogModuleManager: Shutting down and abandoning module TargetPlatform (26)
[2018.04.03-00.40.11:154][  0]LogModuleManager: Shutting down and abandoning module InputCore (25)
[2018.04.03-00.40.11:154][  0]LogModuleManager: Shutting down and abandoning module Settings (24)
[2018.04.03-00.40.11:154][  0]LogModuleManager: Shutting down and abandoning module OculusRift (23)
[2018.04.03-00.40.11:155][  0]LogHMD: Oculus shutdown.
[2018.04.03-00.40.11:155][  0]LogModuleManager: Shutting down and abandoning module LeapMotion (22)
[2018.04.03-00.40.11:155][  0]LogModuleManager: Shutting down and abandoning module ExampleDeviceProfileSelector (21)
[2018.04.03-00.40.11:155][  0]LogModuleManager: Shutting down and abandoning module OnlineBlueprintSupport (20)
[2018.04.03-00.40.11:155][  0]LogModuleManager: Shutting down and abandoning module OnlineSubsystem (18)
[2018.04.03-00.40.11:155][  0]LogModuleManager: Shutting down and abandoning module SSL (17)
[2018.04.03-00.40.11:156][  0]LogModuleManager: Shutting down and abandoning module HTTP (16)
[2018.04.03-00.40.11:156][  0]LogModuleManager: Shutting down and abandoning module XMPP (15)
[2018.04.03-00.40.11:158][  0]LogModuleManager: Shutting down and abandoning module TextureCompressor (14)
[2018.04.03-00.40.11:158][  0]LogModuleManager: Shutting down and abandoning module ShaderCore (13)
[2018.04.03-00.40.11:158][  0]LogModuleManager: Shutting down and abandoning module Landscape (12)
[2018.04.03-00.40.11:158][  0]LogModuleManager: Shutting down and abandoning module SlateRHIRenderer (11)
[2018.04.03-00.40.11:159][  0]LogModuleManager: Shutting down and abandoning module OpenGLDrv (10)
[2018.04.03-00.40.11:160][  0]LogModuleManager: Shutting down and abandoning module D3D11RHI (9)
[2018.04.03-00.40.11:160][  0]LogModuleManager: Shutting down and abandoning module AnimGraphRuntime (8)
[2018.04.03-00.40.11:161][  0]LogModuleManager: Shutting down and abandoning module Renderer (7)
[2018.04.03-00.40.11:161][  0]LogModuleManager: Shutting down and abandoning module Engine (6)
[2018.04.03-00.40.11:161][  0]LogModuleManager: Shutting down and abandoning module CoreUObject (5)
[2018.04.03-00.40.11:161][  0]LogModuleManager: Shutting down and abandoning module NetworkFile (4)
[2018.04.03-00.40.11:161][  0]LogModuleManager: Shutting down and abandoning module StreamingFile (3)
[2018.04.03-00.40.11:161][  0]LogModuleManager: Shutting down and abandoning module SandboxFile (2)
[2018.04.03-00.40.11:161][  0]LogModuleManager: Shutting down and abandoning module PakFile (1)
[2018.04.03-00.40.11:163][  0]LogExit: Exiting.
[2018.04.03-00.40.11:164][  0]Log file closed, 04/02/18 20:40:11
