Log file open, 04/02/18 20:40:48
LogInit:Display: Running engine for game: example_3dwidget
LogPlatformFile: Not using cached read wrapper
LogInit:Display: RandInit(-1763477284) SRandInit(-1763477284).
LogTaskGraph: Started task graph with 5 named threads and 8 total threads with 1 sets of task threads.
LogStats: Stats thread started at 0.083211
LogInit: Using libcurl 7.47.1
LogInit:  - built for x86_64-pc-win32
LogInit:  - supports SSL with OpenSSL/1.0.2g
LogInit:  - supports HTTP deflate (compression) using libz 1.2.8
LogInit:  - other features:
LogInit:      CURL_VERSION_SSL
LogInit:      CURL_VERSION_LIBZ
LogInit:      CURL_VERSION_IPV6
LogInit:      CURL_VERSION_ASYNCHDNS
LogInit:      CURL_VERSION_LARGEFILE
LogInit:      CURL_VERSION_IDN
LogInit:  CurlRequestOptions (configurable via config and command line):
LogInit:  - bVerifyPeer = false  - Libcurl will NOT verify peer certificate
LogInit:  - bUseHttpProxy = false  - Libcurl will NOT use HTTP proxy
LogInit:  - bDontReuseConnections = false  - Libcurl will reuse connections
LogInit:  - CertBundlePath = nullptr  - Libcurl will use whatever was configured at build time.
LeapPluginLog: Using LeapPlugin version 2.0.0
OCULUS: Info: [CAPI] LibOVR module is located at C:\Program Files\Oculus\Support\oculus-runtime\LibOVRRT64_1.dll
OCULUS: Debug: Connected to the server running version (prod = 1).1.24.0(build = 547103) feature version = 0. Client runs version (prod = 1).1.24.0(build = 0) feature version = 0
LogHMD: GearVR: Emulating GearVR using Oculus Rift!
LogInit: Build: ++UE4+Release-4.15-CL-3450819
LogInit: Engine Version: 4.15.3-3450819+++UE4+Release-4.15
LogInit: Compatible Engine Version: 4.15.0-3299760+++UE4+Release-4.15
LogInit: Net CL: 3299760
LogDevObjectVersion: Number of dev versions registered: 14
LogDevObjectVersion:   Dev-Blueprints (B0D832E4-1F89-4F0D-ACCF-7EB736FD4AA2): 8
LogDevObjectVersion:   Dev-Build (E1C64328-A22C-4D53-A36C-8E866417BD8C): 0
LogDevObjectVersion:   Dev-Core (375EC13C-06E4-48FB-B500-84F0262A717E): 2
LogDevObjectVersion:   Dev-Editor (E4B068ED-F494-42E9-A231-DA0B2E46BB41): 14
LogDevObjectVersion:   Dev-Framework (CFFC743F-43B0-4480-9391-14DF171D2073): 22
LogDevObjectVersion:   Dev-Mobile (B02B49B5-BB20-44E9-A304-32B752E40360): 0
LogDevObjectVersion:   Dev-Networking (A4E4105C-59A1-49B5-A7C5-40C4547EDFEE): 0
LogDevObjectVersion:   Dev-Online (39C831C9-5AE6-47DC-9A44-9C173E1C8E7C): 0
LogDevObjectVersion:   Dev-Physics (78F01B33-EBEA-4F98-B9B4-84EACCB95AA2): 0
LogDevObjectVersion:   Dev-Platform (6631380F-2D4D-43E0-8009-CF276956A95A): 0
LogDevObjectVersion:   Dev-Rendering (12F88B9F-8875-4AFC-A67C-D90C383ABD29): 12
LogDevObjectVersion:   Dev-Sequencer (7B5AE74C-D270-4C10-A958-57980B212A5A): 3
LogDevObjectVersion:   Dev-VR (D7296918-1DD6-4BDD-9DE2-64A83CC13884): 0
LogDevObjectVersion:   Dev-LoadTimes (C2A15278-BFE7-4AFE-6C17-90FF531DF755): 1
LogInit: Compiled (64-bit): May 21 2017 11:02:34
LogInit: Compiled with Visual C++: 19.00.23026.00
LogInit: Build Configuration: Development
LogInit: Branch Name: ++UE4+Release-4.15
LogInit: Command line:  
LogInit: Base directory: C:/Program Files/Epic Games/UE_4.15/Engine/Binaries/Win64/
LogInit: Installed Engine Build: 1
LogInit: Presizing for max 8388607 objects, including 0 objects not considered by GC, pre-allocating 0 bytes for permanent pool.
LogInit: Object subsystem initialized
[2018.04.03-00.40.50:111][  0]LogInit: Selected Device Profile: [Windows]
[2018.04.03-00.40.50:111][  0]LogInit: Applying CVar settings loaded from the selected device profile: [Windows]
[2018.04.03-00.40.50:124][  0]LogInit: Computer: LAPTOP-SDOJ2DHJ
[2018.04.03-00.40.50:124][  0]LogInit: User: teamd
[2018.04.03-00.40.50:124][  0]LogInit: CPU Page size=65536, Cores=4
[2018.04.03-00.40.50:124][  0]LogInit: High frequency timer resolution =2.742185 MHz
[2018.04.03-00.40.50:124][  0]LogMemory: Memory total: Physical=15.9GB (16GB approx)
[2018.04.03-00.40.50:124][  0]LogMemory: Platform Memory Stats for Windows
[2018.04.03-00.40.50:124][  0]LogMemory: Process Physical Memory: 271.36 MB used, 271.36 MB peak
[2018.04.03-00.40.50:124][  0]LogMemory: Process Virtual Memory: 266.93 MB used, 266.93 MB peak
[2018.04.03-00.40.50:124][  0]LogMemory: Physical Memory: 5731.90 MB used,  10535.70 MB free, 16267.60 MB total
[2018.04.03-00.40.50:124][  0]LogMemory: Virtual Memory: 764.81 MB used,  10535.70 MB free, 134217728.00 MB total
[2018.04.03-00.40.50:211][  0]LogTextLocalizationManager: No specific translations for ('en-US') exist, so ('en') translations will be used.
[2018.04.03-00.40.50:885][  0]LogD3D11RHI: D3D11 adapters:
[2018.04.03-00.40.50:929][  0]LogD3D11RHI:    0. 'NVIDIA GeForce GTX 1060' (Feature Level 11_0)
[2018.04.03-00.40.50:929][  0]LogD3D11RHI:       6084/0/8133 MB DedicatedVideo/DedicatedSystem/SharedSystem, Outputs:1, VendorId:0x10de
[2018.04.03-00.40.50:939][  0]LogD3D11RHI:    1. 'Intel(R) HD Graphics 630' (Feature Level 11_0)
[2018.04.03-00.40.50:939][  0]LogD3D11RHI:       128/0/8133 MB DedicatedVideo/DedicatedSystem/SharedSystem, Outputs:0, VendorId:0x8086
[2018.04.03-00.40.50:941][  0]LogD3D11RHI:    2. 'Microsoft Basic Render Driver' (Feature Level 11_0)
[2018.04.03-00.40.50:941][  0]LogD3D11RHI:       0/0/8133 MB DedicatedVideo/DedicatedSystem/SharedSystem, Outputs:0, VendorId:0x1414
[2018.04.03-00.40.50:941][  0]LogD3D11RHI: Chosen D3D11 Adapter: 0
[2018.04.03-00.40.50:948][  0]LogD3D11RHI: Creating new Direct3DDevice
[2018.04.03-00.40.50:948][  0]LogD3D11RHI:     GPU DeviceId: 0x1c20 (for the marketing name, search the web for "GPU Device Id")
[2018.04.03-00.40.50:948][  0]LogWindows: EnumDisplayDevices:
[2018.04.03-00.40.50:948][  0]LogWindows:    0. 'Intel(R) HD Graphics 630' (P:1 D:1)
[2018.04.03-00.40.50:948][  0]LogWindows:    1. 'Intel(R) HD Graphics 630' (P:0 D:0)
[2018.04.03-00.40.50:949][  0]LogWindows:    2. 'Intel(R) HD Graphics 630' (P:0 D:0)
[2018.04.03-00.40.50:949][  0]LogWindows:    3. 'NVIDIA GeForce GTX 1060' (P:0 D:0)
[2018.04.03-00.40.50:949][  0]LogWindows: DebugString: GetVideoDriverDetailsInvalid PrimaryIsNotTheChoosenAdapter GetVideoDriverDetailsInvalid PrimaryIsNotTheChoosenAdapter GetVideoDriverDetailsInvalid PrimaryIsNotTheChoosenAdapter GetVideoDriverDetailsInvalid PrimaryIsNotTheChoosenAdapter FoundDriverCount:0 
[2018.04.03-00.40.50:949][  0]LogD3D11RHI:     Adapter Name: NVIDIA GeForce GTX 1060
[2018.04.03-00.40.50:949][  0]LogD3D11RHI:   Driver Version: Unknown (internal:Unknown, unified:Unknown)
[2018.04.03-00.40.50:949][  0]LogD3D11RHI:      Driver Date: Unknown
[2018.04.03-00.40.50:949][  0]LogRHI: Texture pool is 1361 MB (70% of 1945 MB)
[2018.04.03-00.40.50:985][  0]LogD3D11RHI: Async texture creation enabled
[2018.04.03-00.40.50:998][  0]LogD3D11RHI: GPU Timing Frequency: 1000.000000 (Debug: 2 1)
[2018.04.03-00.40.50:998][  0]LogShaderCompilers: Guid format shader working directory is -27 characters bigger than the processId version (../../../../../../Users/teamd/Documents/Unreal Projects/example_3dwidget/Intermediate/Shaders/WorkingDirectory/18304/).
[2018.04.03-00.40.50:998][  0]LogShaderCompilers: Cleaned the shader compiler working directory 'C:/Users/teamd/AppData/Local/Temp/UnrealShaderWorkingDir/57B9363C4E3506723BF3AA9A8109B703/'.
[2018.04.03-00.40.50:998][  0]LogShaderCompilers:Display: Using Local Shader Compiler.
[2018.04.03-00.40.52:111][  0]LogTemp:Display: Loaded TP AllDesktopTargetPlatform
[2018.04.03-00.40.52:173][  0]LogTemp:Display: Loaded TP MacClientTargetPlatform
[2018.04.03-00.40.52:235][  0]LogTemp:Display: Loaded TP MacNoEditorTargetPlatform
[2018.04.03-00.40.52:296][  0]LogTemp:Display: Loaded TP MacServerTargetPlatform
[2018.04.03-00.40.52:359][  0]LogTemp:Display: Loaded TP MacTargetPlatform
[2018.04.03-00.40.52:422][  0]LogTemp:Display: Loaded TP WindowsClientTargetPlatform
[2018.04.03-00.40.52:484][  0]LogTemp:Display: Loaded TP WindowsNoEditorTargetPlatform
[2018.04.03-00.40.52:549][  0]LogTemp:Display: Loaded TP WindowsServerTargetPlatform
[2018.04.03-00.40.52:601][  0]LogTemp:Display: Loaded TP WindowsTargetPlatform
[2018.04.03-00.40.52:661][  0]LogTemp:Display: Loaded TP AndroidTargetPlatform
[2018.04.03-00.40.52:722][  0]LogTemp:Display: Loaded TP Android_ASTCTargetPlatform
[2018.04.03-00.40.52:782][  0]LogTemp:Display: Loaded TP Android_ATCTargetPlatform
[2018.04.03-00.40.52:843][  0]LogTemp:Display: Loaded TP Android_DXTTargetPlatform
[2018.04.03-00.40.52:903][  0]LogTemp:Display: Loaded TP Android_ETC1TargetPlatform
[2018.04.03-00.40.52:964][  0]LogTemp:Display: Loaded TP Android_ETC2TargetPlatform
[2018.04.03-00.40.53:084][  0]LogTemp:Display: Loaded TP Android_MultiTargetPlatform
[2018.04.03-00.40.53:084][  0]LogTemp:Display: Loaded TP Android_PVRTCTargetPlatform
[2018.04.03-00.40.53:127][  0]LogTemp:Display: Loaded TP HTML5TargetPlatform
[2018.04.03-00.40.53:234][  0]LogTemp:Display: Loaded TP IOSTargetPlatform
[2018.04.03-00.40.53:273][  0]LogTemp:Display: Loaded TP TVOSTargetPlatform
[2018.04.03-00.40.53:335][  0]LogTemp:Display: Loaded TP LinuxClientTargetPlatform
[2018.04.03-00.40.53:394][  0]LogTemp:Display: Loaded TP LinuxNoEditorTargetPlatform
[2018.04.03-00.40.53:453][  0]LogTemp:Display: Loaded TP LinuxServerTargetPlatform
[2018.04.03-00.40.53:514][  0]LogTemp:Display: Loaded TP LinuxTargetPlatform
[2018.04.03-00.40.53:514][  0]LogTargetPlatformManager:Display: Building Assets For Windows
[2018.04.03-00.40.54:015][  0]LogDerivedDataCache:Display: Max Cache Size: 512 MB
[2018.04.03-00.40.54:061][  0]LogDerivedDataCache: Loaded boot cache 0.05s 50MB C:/Users/teamd/AppData/Local/UnrealEngine/4.15/DerivedDataCache/Boot.ddc.
[2018.04.03-00.40.54:061][  0]LogDerivedDataCache:Display: Loaded Boot cache: C:/Users/teamd/AppData/Local/UnrealEngine/4.15/DerivedDataCache/Boot.ddc
[2018.04.03-00.40.54:061][  0]LogDerivedDataCache: FDerivedDataBackendGraph:  Pak pak cache file ../../../../../../Users/teamd/Documents/Unreal Projects/example_3dwidget/DerivedDataCache/DDC.ddp not found, will not use a pak cache.
[2018.04.03-00.40.54:061][  0]LogDerivedDataCache: Unable to find inner node Pak for hierarchical cache Hierarchy.
[2018.04.03-00.40.54:061][  0]LogDerivedDataCache: FDerivedDataBackendGraph:  CompressedPak pak cache file ../../../../../../Users/teamd/Documents/Unreal Projects/example_3dwidget/DerivedDataCache/Compressed.ddp not found, will not use a pak cache.
[2018.04.03-00.40.54:061][  0]LogDerivedDataCache: Unable to find inner node CompressedPak for hierarchical cache Hierarchy.
[2018.04.03-00.40.54:079][  0]LogDerivedDataCache:Display: Pak cache opened for reading ../../../Engine/DerivedDataCache/Compressed.ddp.
[2018.04.03-00.40.54:092][  0]LogDerivedDataCache: Using Local data cache path C:/Users/teamd/AppData/Local/UnrealEngine/Common/DerivedDataCache: Writable
[2018.04.03-00.40.54:102][  0]LogSlate: Using Freetype 2.6.0
[2018.04.03-00.40.54:103][  0]LogSlate: SlateFontCache - WITH_FREETYPE: 1, WITH_HARFBUZZ: 1
[2018.04.03-00.40.54:103][  0]LogSlate: SlateFontCache - WITH_FREETYPE: 1, WITH_HARFBUZZ: 1
[2018.04.03-00.40.54:385][  0]LogInit: Selected Device Profile: [Windows]
[2018.04.03-00.40.54:390][  0]LogContentStreaming: Texture pool size is 0.00 MB
[2018.04.03-00.40.54:616][  0]LogMeshUtilities: Using QuadricMeshReduction for automatic static mesh reduction
[2018.04.03-00.40.54:665][  0]LogSimplygon: Simplygon DLL not present - disabling.
[2018.04.03-00.40.54:719][  0]LogMeshUtilities: Using SimplygonSwarm for distributed automatic mesh merging
[2018.04.03-00.40.54:719][  0]LogMeshUtilities: No automatic skeletal mesh reduction module available
[2018.04.03-00.40.54:719][  0]LogMeshUtilities: No automatic mesh merging module available
[2018.04.03-00.40.55:288][  0]LogNetVersion: GetLocalNetworkVersion: CL: 3299760, ProjectName: example_3dwidget, ProjectVersion: , EngineNetworkVersion: 2, GameNetworkVersion: 0, NetworkChecksum: 857041415
[2018.04.03-00.40.55:338][  0]LogAssetRegistry: FAssetRegistry took 0.0220 seconds to start up
[2018.04.03-00.40.55:410][  0]LogPackageLocalizationCache: Processed 4 localized package path(s) for 2 prioritized culture(s) in 0.046117 seconds
[2018.04.03-00.40.55:416][  0]LogUObjectArray: 33178 objects as part of root set at end of initial load.
[2018.04.03-00.40.55:416][  0]LogUObjectAllocator: 7195192 out of 0 bytes used by permanent object pool.
[2018.04.03-00.40.55:416][  0]LogUObjectArray: CloseDisregardForGC: 0/0 objects in disregard for GC pool
[2018.04.03-00.40.55:489][  0]LogInit: WinSock: version 1.1 (2.2), MaxSocks=32767, MaxUdp=65467
[2018.04.03-00.40.57:296][  0]LogTcpMessaging: Initializing TcpMessaging bridge
[2018.04.03-00.40.57:340][  0]LogUdpMessaging: Initializing bridge on interface 0.0.0.0:0 to multicast group 230.0.0.1:6666.
[2018.04.03-00.40.57:861][  0]LogMaterial: Uniform references updated for custom material expression Custom.
[2018.04.03-00.40.58:298][  0]SourceControl: Info Source control is disabled
[2018.04.03-00.40.58:405][  0]SourceControl: Info Source control is disabled
[2018.04.03-00.40.58:460][  0]SourceControl: Info Source control is disabled
[2018.04.03-00.40.58:515][  0]SourceControl: Info Source control is disabled
[2018.04.03-00.40.59:288][  0]LogModuleManager:Warning: ModuleManager: Unable to load module 'C:/Program Files/Epic Games/UE_4.15/Engine/Plugins/NetcodeUnitTest/NUTUnrealEngine4/Binaries/Win64/UE4Editor-NUTUnrealEngine4.dll' because the file couldn't be loaded by the OS.
[2018.04.03-00.40.59:301][  0]LogWindowsTextInputMethodSystem:Display: IME system now deactivated.
[2018.04.03-00.41.05:564][  0]LogWindowsTextInputMethodSystem:Display: IME system now deactivated.
[2018.04.03-00.41.05:565][  0]LogWindowsTextInputMethodSystem:Display: IME system now deactivated.
[2018.04.03-00.41.05:591][  0]LogExit: Preparing to exit.
[2018.04.03-00.41.06:531][  0]LogObj: Freed 0b from 0 cluster array pools.
[2018.04.03-00.41.06:531][  0]LogExit: Object subsystem successfully closed.
[2018.04.03-00.41.06:543][  0]LogD3D11RHI: Shutdown
[2018.04.03-00.41.06:543][  0]LogD3D11RHI: CleanupD3DDevice
[2018.04.03-00.41.06:577][  0]LogD3D11RHI: ~FD3D11DynamicRHI
[2018.04.03-00.41.06:586][  0]LogModuleManager: Shutting down and abandoning module MediaPlayerEditor (282)
[2018.04.03-00.41.06:586][  0]LogModuleManager: Shutting down and abandoning module HTML5Networking (280)
[2018.04.03-00.41.06:586][  0]LogModuleManager: Shutting down and abandoning module AlembicImporter (278)
[2018.04.03-00.41.06:586][  0]LogModuleManager: Shutting down and abandoning module AlembicLibrary (277)
[2018.04.03-00.41.06:586][  0]LogModuleManager: Shutting down and abandoning module GeometryCache (276)
[2018.04.03-00.41.06:586][  0]LogModuleManager: Shutting down and abandoning module GeometryCacheEd (275)
[2018.04.03-00.41.06:586][  0]LogModuleManager: Shutting down and abandoning module SuperSearchEditor (270)
[2018.04.03-00.41.06:586][  0]LogModuleManager: Shutting down and abandoning module SuperSearch (269)
[2018.04.03-00.41.06:586][  0]LogModuleManager: Shutting down and abandoning module SpeedTreeImporter (266)
[2018.04.03-00.41.06:586][  0]LogModuleManager: Shutting down and abandoning module PluginBrowser (264)
[2018.04.03-00.41.06:586][  0]LogModuleManager: Shutting down and abandoning module MobileLauncherProfileWizard (262)
[2018.04.03-00.41.06:586][  0]LogModuleManager: Shutting down and abandoning module EpicSurvey (260)
[2018.04.03-00.41.06:586][  0]LogModuleManager: Shutting down and abandoning module VisualStudioSourceCodeAccess (258)
[2018.04.03-00.41.06:586][  0]LogModuleManager: Shutting down and abandoning module DesktopPlatform (257)
[2018.04.03-00.41.06:586][  0]LogModuleManager: Shutting down and abandoning module UObjectPlugin (254)
[2018.04.03-00.41.06:586][  0]LogModuleManager: Shutting down and abandoning module SubversionSourceControl (252)
[2018.04.03-00.41.06:586][  0]LogModuleManager: Shutting down and abandoning module PerforceSourceControl (250)
[2018.04.03-00.41.06:586][  0]LogModuleManager: Shutting down and abandoning module GitSourceControl (248)
[2018.04.03-00.41.06:586][  0]LogModuleManager: Shutting down and abandoning module SourceControl (247)
[2018.04.03-00.41.06:586][  0]LogModuleManager: Shutting down and abandoning module LightPropagationVolumeEditor (244)
[2018.04.03-00.41.06:586][  0]LogModuleManager: Shutting down and abandoning module PaperTiledImporter (242)
[2018.04.03-00.41.06:586][  0]LogModuleManager: Shutting down and abandoning module PaperSpriteSheetImporter (240)
[2018.04.03-00.41.06:586][  0]LogModuleManager: Shutting down and abandoning module Paper2DEditor (238)
[2018.04.03-00.41.06:586][  0]LogModuleManager: Shutting down and abandoning module MeshPaint (237)
[2018.04.03-00.41.06:586][  0]LogModuleManager: Shutting down and abandoning module LevelEditor (235)
[2018.04.03-00.41.06:587][  0]LogModuleManager: Shutting down and abandoning module PixelInspectorModule (234)
[2018.04.03-00.41.06:587][  0]LogModuleManager: Shutting down and abandoning module MainFrame (232)
[2018.04.03-00.41.06:587][  0]LogModuleManager: Shutting down and abandoning module HotReload (231)
[2018.04.03-00.41.06:587][  0]LogModuleManager: Shutting down and abandoning module ContentBrowser (227)
[2018.04.03-00.41.06:587][  0]LogModuleManager: Shutting down and abandoning module PhysXVehiclesEditor (224)
[2018.04.03-00.41.06:587][  0]LogModuleManager: Shutting down and abandoning module PhysXVehicles (222)
[2018.04.03-00.41.06:587][  0]LogModuleManager: Shutting down and abandoning module LocationServicesBPLibrary (220)
[2018.04.03-00.41.06:587][  0]LogModuleManager: Shutting down and abandoning module UdpMessaging (218)
[2018.04.03-00.41.06:688][  0]LogModuleManager: Shutting down and abandoning module TcpMessaging (216)
[2018.04.03-00.41.07:302][  0]LogModuleManager: Shutting down and abandoning module GameplayTagsEditor (214)
[2018.04.03-00.41.07:302][  0]LogModuleManager: Shutting down and abandoning module FacialAnimationEditor (212)
[2018.04.03-00.41.07:302][  0]LogModuleManager: Shutting down and abandoning module FacialAnimation (210)
[2018.04.03-00.41.07:302][  0]LogModuleManager: Shutting down and abandoning module LightPropagationVolumeRuntime (208)
[2018.04.03-00.41.07:302][  0]LogModuleManager: Shutting down and abandoning module Paper2D (206)
[2018.04.03-00.41.07:302][  0]LogModuleManager: Shutting down and abandoning module WindowsMoviePlayer (204)
[2018.04.03-00.41.07:302][  0]LogModuleManager: Shutting down and abandoning module WmfMedia (202)
[2018.04.03-00.41.07:306][  0]LogModuleManager: Shutting down and abandoning module MfMedia (200)
[2018.04.03-00.41.07:306][  0]LogModuleManager: Shutting down and abandoning module MediaAssets (198)
[2018.04.03-00.41.07:306][  0]LogModuleManager: Shutting down and abandoning module GameLiveStreaming (196)
[2018.04.03-00.41.07:306][  0]LogModuleManager: Shutting down and abandoning module VREditor (194)
[2018.04.03-00.41.07:306][  0]LogModuleManager: Shutting down and abandoning module GameplayTasksEditor (192)
[2018.04.03-00.41.07:306][  0]LogModuleManager: Shutting down and abandoning module BehaviorTreeEditor (190)
[2018.04.03-00.41.07:306][  0]LogModuleManager: Shutting down and abandoning module FunctionalTesting (188)
[2018.04.03-00.41.07:306][  0]LogModuleManager: Shutting down and abandoning module CollisionAnalyzer (186)
[2018.04.03-00.41.07:306][  0]LogModuleManager: Shutting down and abandoning module UMG (184)
[2018.04.03-00.41.07:306][  0]LogModuleManager: Shutting down and abandoning module UMGEditor (183)
[2018.04.03-00.41.07:306][  0]LogModuleManager: Shutting down and abandoning module Sequencer (182)
[2018.04.03-00.41.07:306][  0]LogModuleManager: Shutting down and abandoning module AssetTools (180)
[2018.04.03-00.41.07:306][  0]LogModuleManager: Shutting down and abandoning module MessageLog (179)
[2018.04.03-00.41.07:306][  0]LogModuleManager: Shutting down and abandoning module WorkspaceMenuStructure (178)
[2018.04.03-00.41.07:306][  0]LogModuleManager: Shutting down and abandoning module SlateReflector (172)
[2018.04.03-00.41.07:306][  0]LogModuleManager: Shutting down and abandoning module Slate (170)
[2018.04.03-00.41.07:306][  0]LogModuleManager: Shutting down and abandoning module EditorStyle (168)
[2018.04.03-00.41.07:309][  0]LogModuleManager: Shutting down and abandoning module SourceCodeAccess (166)
[2018.04.03-00.41.07:309][  0]LogModuleManager: Shutting down and abandoning module HeadMountedDisplay (164)
[2018.04.03-00.41.07:309][  0]LogModuleManager: Shutting down and abandoning module XAudio2 (162)
[2018.04.03-00.41.07:309][  0]LogModuleManager: Shutting down and abandoning module Networking (160)
[2018.04.03-00.41.07:309][  0]LogModuleManager: Shutting down and abandoning module Core (156)
[2018.04.03-00.41.07:309][  0]LogModuleManager: Shutting down and abandoning module AssetRegistry (154)
[2018.04.03-00.41.07:407][  0]LogDirectoryWatcher: A directory notification for '../../../Engine/Content/' was aborted.
[2018.04.03-00.41.07:407][  0]LogDirectoryWatcher: A directory notification for '../../../../../../Users/teamd/Documents/Unreal Projects/example_3dwidget/Content/' was aborted.
[2018.04.03-00.41.07:407][  0]LogDirectoryWatcher: A directory notification for '../../../Engine/Plugins/2D/Paper2D/Content/' was aborted.
[2018.04.03-00.41.07:407][  0]LogDirectoryWatcher: A directory notification for '../../../Engine/Plugins/Runtime/LeapMotion/Content/' was aborted.
[2018.04.03-00.41.07:407][  0]LogModuleManager: Shutting down and abandoning module DirectoryWatcher (153)
[2018.04.03-00.41.07:407][  0]LogModuleManager: Shutting down and abandoning module KismetCompiler (150)
[2018.04.03-00.41.07:407][  0]LogModuleManager: Shutting down and abandoning module PhysXFormats (148)
[2018.04.03-00.41.07:407][  0]LogModuleManager: Shutting down and abandoning module MeshUtilities (146)
[2018.04.03-00.41.07:407][  0]LogModuleManager: Shutting down and abandoning module SimplygonSwarm (145)
[2018.04.03-00.41.07:407][  0]LogModuleManager: Shutting down and abandoning module SimplygonMeshReduction (143)
[2018.04.03-00.41.07:407][  0]LogModuleManager: Shutting down and abandoning module QuadricMeshReduction (141)
[2018.04.03-00.41.07:407][  0]LogModuleManager: Shutting down and abandoning module PropertyEditor (139)
[2018.04.03-00.41.07:407][  0]LogModuleManager: Shutting down and abandoning module DerivedDataCache (136)
[2018.04.03-00.41.07:595][  0]LogDerivedDataCache: Shutdown
[2018.04.03-00.41.07:595][  0]LogModuleManager: Shutting down and abandoning module TargetPlatform (134)
[2018.04.03-00.41.07:595][  0]LogModuleManager: Shutting down and abandoning module VulkanShaderFormat (133)
[2018.04.03-00.41.07:595][  0]LogModuleManager: Shutting down and abandoning module ShaderFormatOpenGL (131)
[2018.04.03-00.41.07:595][  0]LogModuleManager: Shutting down and abandoning module ShaderFormatD3D (129)
[2018.04.03-00.41.07:595][  0]LogModuleManager: Shutting down and abandoning module MetalShaderFormat (127)
[2018.04.03-00.41.07:595][  0]LogModuleManager: Shutting down and abandoning module TextureFormatUncompressed (125)
[2018.04.03-00.41.07:595][  0]LogModuleManager: Shutting down and abandoning module TextureFormatPVR (123)
[2018.04.03-00.41.07:595][  0]LogModuleManager: Shutting down and abandoning module TextureFormatDXT (121)
[2018.04.03-00.41.07:595][  0]LogModuleManager: Shutting down and abandoning module TextureFormatIntelISPCTexComp (119)
[2018.04.03-00.41.07:595][  0]LogModuleManager: Shutting down and abandoning module TextureFormatASTC (117)
[2018.04.03-00.41.07:595][  0]LogModuleManager: Shutting down and abandoning module ImageWrapper (116)
[2018.04.03-00.41.07:595][  0]LogModuleManager: Shutting down and abandoning module TextureFormatAndroid (113)
[2018.04.03-00.41.07:595][  0]LogModuleManager: Shutting down and abandoning module AudioFormatOpus (111)
[2018.04.03-00.41.07:595][  0]LogModuleManager: Shutting down and abandoning module AudioFormatOgg (109)
[2018.04.03-00.41.07:595][  0]LogModuleManager: Shutting down and abandoning module AudioFormatADPCM (107)
[2018.04.03-00.41.07:595][  0]LogModuleManager: Shutting down and abandoning module LinuxTargetPlatform (105)
[2018.04.03-00.41.07:595][  0]LogModuleManager: Shutting down and abandoning module LinuxServerTargetPlatform (103)
[2018.04.03-00.41.07:595][  0]LogModuleManager: Shutting down and abandoning module LinuxNoEditorTargetPlatform (101)
[2018.04.03-00.41.07:595][  0]LogModuleManager: Shutting down and abandoning module LinuxClientTargetPlatform (99)
[2018.04.03-00.41.07:595][  0]LogModuleManager: Shutting down and abandoning module TVOSTargetPlatform (97)
[2018.04.03-00.41.07:595][  0]LogModuleManager: Shutting down and abandoning module Messaging (95)
[2018.04.03-00.41.07:595][  0]LogModuleManager: Shutting down and abandoning module IOSTargetPlatform (93)
[2018.04.03-00.41.07:595][  0]LogModuleManager: Shutting down and abandoning module HTML5TargetPlatform (91)
[2018.04.03-00.41.07:595][  0]LogModuleManager: Shutting down and abandoning module Android_PVRTCTargetPlatform (89)
[2018.04.03-00.41.07:595][  0]LogModuleManager: Shutting down and abandoning module Android_MultiTargetPlatform (87)
[2018.04.03-00.41.07:595][  0]LogModuleManager: Shutting down and abandoning module Android_ETC2TargetPlatform (85)
[2018.04.03-00.41.07:595][  0]LogModuleManager: Shutting down and abandoning module Android_ETC1TargetPlatform (83)
[2018.04.03-00.41.07:595][  0]LogModuleManager: Shutting down and abandoning module Android_DXTTargetPlatform (81)
[2018.04.03-00.41.07:595][  0]LogModuleManager: Shutting down and abandoning module Android_ATCTargetPlatform (79)
[2018.04.03-00.41.07:595][  0]LogModuleManager: Shutting down and abandoning module Android_ASTCTargetPlatform (77)
[2018.04.03-00.41.07:595][  0]LogModuleManager: Shutting down and abandoning module AndroidTargetPlatform (75)
[2018.04.03-00.41.07:595][  0]LogModuleManager: Shutting down and abandoning module WindowsTargetPlatform (73)
[2018.04.03-00.41.07:595][  0]LogModuleManager: Shutting down and abandoning module WindowsServerTargetPlatform (71)
[2018.04.03-00.41.07:595][  0]LogModuleManager: Shutting down and abandoning module WindowsNoEditorTargetPlatform (69)
[2018.04.03-00.41.07:595][  0]LogModuleManager: Shutting down and abandoning module WindowsClientTargetPlatform (67)
[2018.04.03-00.41.07:595][  0]LogModuleManager: Shutting down and abandoning module MacTargetPlatform (65)
[2018.04.03-00.41.07:595][  0]LogModuleManager: Shutting down and abandoning module MacServerTargetPlatform (63)
[2018.04.03-00.41.07:595][  0]LogModuleManager: Shutting down and abandoning module MacNoEditorTargetPlatform (61)
[2018.04.03-00.41.07:595][  0]LogModuleManager: Shutting down and abandoning module MacClientTargetPlatform (59)
[2018.04.03-00.41.07:595][  0]LogModuleManager: Shutting down and abandoning module AllDesktopTargetPlatform (57)
[2018.04.03-00.41.07:595][  0]LogModuleManager: Shutting down and abandoning module InputCore (54)
[2018.04.03-00.41.07:595][  0]LogModuleManager: Shutting down and abandoning module Settings (52)
[2018.04.03-00.41.07:595][  0]LogModuleManager: Shutting down and abandoning module OculusRift (50)
[2018.04.03-00.41.07:596][  0]LogHMD: Oculus shutdown.
[2018.04.03-00.41.07:596][  0]LogModuleManager: Shutting down and abandoning module LeapMotion (48)
[2018.04.03-00.41.07:596][  0]LogModuleManager: Shutting down and abandoning module GearVR (46)
[2018.04.03-00.41.07:596][  0]LogModuleManager: Shutting down and abandoning module ExampleDeviceProfileSelector (44)
[2018.04.03-00.41.07:596][  0]LogModuleManager: Shutting down and abandoning module OnlineBlueprintSupport (42)
[2018.04.03-00.41.07:596][  0]LogModuleManager: Shutting down and abandoning module OnlineSubsystem (38)
[2018.04.03-00.41.07:596][  0]LogModuleManager: Shutting down and abandoning module XMPP (37)
[2018.04.03-00.41.07:596][  0]LogModuleManager: Shutting down and abandoning module HTTP (35)
[2018.04.03-00.41.07:629][  0]LogModuleManager: Shutting down and abandoning module SSL (34)
[2018.04.03-00.41.07:630][  0]LogModuleManager: Shutting down and abandoning module AudioEditor (30)
[2018.04.03-00.41.07:630][  0]LogModuleManager: Shutting down and abandoning module TextureCompressor (28)
[2018.04.03-00.41.07:630][  0]LogModuleManager: Shutting down and abandoning module ShaderCore (26)
[2018.04.03-00.41.07:630][  0]LogModuleManager: Shutting down and abandoning module Landscape (24)
[2018.04.03-00.41.07:630][  0]LogModuleManager: Shutting down and abandoning module SlateRHIRenderer (22)
[2018.04.03-00.41.07:631][  0]LogModuleManager: Shutting down and abandoning module OpenGLDrv (20)
[2018.04.03-00.41.07:631][  0]LogModuleManager: Shutting down and abandoning module D3D11RHI (18)
[2018.04.03-00.41.07:631][  0]LogModuleManager: Shutting down and abandoning module AnimGraphRuntime (16)
[2018.04.03-00.41.07:631][  0]LogModuleManager: Shutting down and abandoning module Renderer (14)
[2018.04.03-00.41.07:631][  0]LogModuleManager: Shutting down and abandoning module Engine (12)
[2018.04.03-00.41.07:631][  0]LogModuleManager: Shutting down and abandoning module CoreUObject (10)
[2018.04.03-00.41.07:631][  0]LogModuleManager: Shutting down and abandoning module NetworkFile (8)
[2018.04.03-00.41.07:631][  0]LogModuleManager: Shutting down and abandoning module StreamingFile (6)
[2018.04.03-00.41.07:631][  0]LogModuleManager: Shutting down and abandoning module SandboxFile (4)
[2018.04.03-00.41.07:631][  0]LogModuleManager: Shutting down and abandoning module PakFile (2)
[2018.04.03-00.41.07:633][  0]LogExit: Exiting.
[2018.04.03-00.41.07:634][  0]Log file closed, 04/02/18 20:41:07
