Log file open, 04/02/18 20:40:22
LogInit:Display: Running engine for game: example_3dwidget
LogPlatformFile: Not using cached read wrapper
LogInit:Display: RandInit(-1834611882) SRandInit(-1834611882).
LogTaskGraph: Started task graph with 5 named threads and 8 total threads with 1 sets of task threads.
LogStats: Stats thread started at 0.082533
LogPluginManager: Loaded Plugin Paper2D, From C:/Program Files/Epic Games/UE_4.14/Engine/Plugins/2D/Paper2D/Paper2D.uplugin
LogPluginManager: Loaded Plugin LightPropagationVolume, From C:/Program Files/Epic Games/UE_4.14/Engine/Plugins/Blendables/LightPropagationVolume/LightPropagationVolume.uplugin
LogPluginManager: Loaded Plugin BlankPlugin, From C:/Program Files/Epic Games/UE_4.14/Engine/Plugins/Developer/BlankPlugin/BlankPlugin.uplugin
LogPluginManager: Loaded Plugin CodeLiteSourceCodeAccess, From C:/Program Files/Epic Games/UE_4.14/Engine/Plugins/Developer/CodeLiteSourceCodeAccess/CodeLiteSourceCodeAccess.uplugin
LogPluginManager: Loaded Plugin GitSourceControl, From C:/Program Files/Epic Games/UE_4.14/Engine/Plugins/Developer/GitSourceControl/GitSourceControl.uplugin
LogPluginManager: Loaded Plugin KDevelopSourceCodeAccess, From C:/Program Files/Epic Games/UE_4.14/Engine/Plugins/Developer/KDevelopSourceCodeAccess/KDevelopSourceCodeAccess.uplugin
LogPluginManager: Loaded Plugin NullSourceCodeAccess, From C:/Program Files/Epic Games/UE_4.14/Engine/Plugins/Developer/NullSourceCodeAccess/NullSourceCodeAccess.uplugin
LogPluginManager: Loaded Plugin OneSkyLocalizationService, From C:/Program Files/Epic Games/UE_4.14/Engine/Plugins/Developer/OneSkyLocalizationService/OneSkyLocalizationService.uplugin
LogPluginManager: Loaded Plugin PerforceSourceControl, From C:/Program Files/Epic Games/UE_4.14/Engine/Plugins/Developer/PerforceSourceControl/PerforceSourceControl.uplugin
LogPluginManager: Loaded Plugin SubversionSourceControl, From C:/Program Files/Epic Games/UE_4.14/Engine/Plugins/Developer/SubversionSourceControl/SubversionSourceControl.uplugin
LogPluginManager: Loaded Plugin UObjectPlugin, From C:/Program Files/Epic Games/UE_4.14/Engine/Plugins/Developer/UObjectPlugin/UObjectPlugin.uplugin
LogPluginManager: Loaded Plugin VisualStudioSourceCodeAccess, From C:/Program Files/Epic Games/UE_4.14/Engine/Plugins/Developer/VisualStudioSourceCodeAccess/VisualStudioSourceCodeAccess.uplugin
LogPluginManager: Loaded Plugin XCodeSourceCodeAccess, From C:/Program Files/Epic Games/UE_4.14/Engine/Plugins/Developer/XCodeSourceCodeAccess/XCodeSourceCodeAccess.uplugin
LogPluginManager: Loaded Plugin AudioCapture, From C:/Program Files/Epic Games/UE_4.14/Engine/Plugins/Editor/AudioCapture/AudioCapture.uplugin
LogPluginManager: Loaded Plugin EpicSurvey, From C:/Program Files/Epic Games/UE_4.14/Engine/Plugins/Editor/EpicSurvey/EpicSurvey.uplugin
LogPluginManager: Loaded Plugin MacGraphicsSwitching, From C:/Program Files/Epic Games/UE_4.14/Engine/Plugins/Editor/MacGraphicsSwitching/MacGraphicsSwitching.uplugin
LogPluginManager: Loaded Plugin MobileLauncherProfileWizard, From C:/Program Files/Epic Games/UE_4.14/Engine/Plugins/Editor/MobileLauncherProfileWizard/MobileLauncherProfileWizard.uplugin
LogPluginManager: Loaded Plugin PluginBrowser, From C:/Program Files/Epic Games/UE_4.14/Engine/Plugins/Editor/PluginBrowser/PluginBrowser.uplugin
LogPluginManager: Loaded Plugin SpeedTreeImporter, From C:/Program Files/Epic Games/UE_4.14/Engine/Plugins/Editor/SpeedTreeImporter/SpeedTreeImporter.uplugin
LogPluginManager: Loaded Plugin SuperSearchEditor, From C:/Program Files/Epic Games/UE_4.14/Engine/Plugins/Editor/SuperSearchEditor/SuperSearchEditor.uplugin
LogPluginManager: Loaded Plugin AlembicImporter, From C:/Program Files/Epic Games/UE_4.14/Engine/Plugins/Experimental/AlembicImporter/AlembicImporter.uplugin
LogPluginManager: Loaded Plugin BlueprintStats, From C:/Program Files/Epic Games/UE_4.14/Engine/Plugins/Experimental/BlueprintStats/BlueprintStats.uplugin
LogPluginManager: Loaded Plugin CharacterAI, From C:/Program Files/Epic Games/UE_4.14/Engine/Plugins/Experimental/CharacterAI/CharacterAI.uplugin
LogPluginManager: Loaded Plugin CodeEditor, From C:/Program Files/Epic Games/UE_4.14/Engine/Plugins/Experimental/CodeEditor/CodeEditor.uplugin
LogPluginManager: Loaded Plugin CodeView, From C:/Program Files/Epic Games/UE_4.14/Engine/Plugins/Experimental/CodeView/CodeView.uplugin
LogPluginManager: Loaded Plugin HTML5Networking, From C:/Program Files/Epic Games/UE_4.14/Engine/Plugins/Experimental/HTML5Networking/HTML5Networking.uplugin
LogPluginManager: Loaded Plugin OSVR, From C:/Program Files/Epic Games/UE_4.14/Engine/Plugins/Experimental/OSVR/OSVR.uplugin
LogPluginManager: Loaded Plugin Phya, From C:/Program Files/Epic Games/UE_4.14/Engine/Plugins/Experimental/Phya/Phya.uplugin
LogPluginManager: Loaded Plugin SignificanceManager, From C:/Program Files/Epic Games/UE_4.14/Engine/Plugins/Experimental/SignificanceManager/SignificanceManager.uplugin
LogPluginManager: Loaded Plugin SimpleHMD, From C:/Program Files/Epic Games/UE_4.14/Engine/Plugins/Experimental/SimpleHMD/SimpleHMD.uplugin
LogPluginManager: Loaded Plugin StereoPanorama, From C:/Program Files/Epic Games/UE_4.14/Engine/Plugins/Experimental/StereoPanorama/StereoPanorama.uplugin
LogPluginManager: Loaded Plugin StructBox, From C:/Program Files/Epic Games/UE_4.14/Engine/Plugins/Experimental/StructBox/StructBox.uplugin
LogPluginManager: Loaded Plugin AndroidMedia, From C:/Program Files/Epic Games/UE_4.14/Engine/Plugins/Media/AndroidMedia/AndroidMedia.uplugin
LogPluginManager: Loaded Plugin AvfMedia, From C:/Program Files/Epic Games/UE_4.14/Engine/Plugins/Media/AvfMedia/AvfMedia.uplugin
LogPluginManager: Loaded Plugin MediaPlayerEditor, From C:/Program Files/Epic Games/UE_4.14/Engine/Plugins/Media/MediaPlayerEditor/MediaPlayerEditor.uplugin
LogPluginManager: Loaded Plugin WmfMedia, From C:/Program Files/Epic Games/UE_4.14/Engine/Plugins/Media/WmfMedia/WmfMedia.uplugin
LogPluginManager: Loaded Plugin MessagingDebugger, From C:/Program Files/Epic Games/UE_4.14/Engine/Plugins/Messaging/MessagingDebugger/MessagingDebugger.uplugin
LogPluginManager: Loaded Plugin TcpMessaging, From C:/Program Files/Epic Games/UE_4.14/Engine/Plugins/Messaging/TcpMessaging/TcpMessaging.uplugin
LogPluginManager: Loaded Plugin UdpMessaging, From C:/Program Files/Epic Games/UE_4.14/Engine/Plugins/Messaging/UdpMessaging/UdpMessaging.uplugin
LogPluginManager: Loaded Plugin LevelSequenceEditor, From C:/Program Files/Epic Games/UE_4.14/Engine/Plugins/MovieScene/LevelSequenceEditor/LevelSequenceEditor.uplugin
LogPluginManager: Loaded Plugin MatineeToLevelSequence, From C:/Program Files/Epic Games/UE_4.14/Engine/Plugins/MovieScene/MatineeToLevelSequence/MatineeToLevelSequence.uplugin
LogPluginManager: Loaded Plugin NetcodeUnitTest, From C:/Program Files/Epic Games/UE_4.14/Engine/Plugins/NetcodeUnitTest/NetcodeUnitTest/NetcodeUnitTest.uplugin
LogPluginManager: Loaded Plugin NUTUnrealEngine4, From C:/Program Files/Epic Games/UE_4.14/Engine/Plugins/NetcodeUnitTest/NUTUnrealEngine4/NUTUnrealEngine4.uplugin
LogPluginManager: Loaded Plugin OnlineSubsystemGameCircle, From C:/Program Files/Epic Games/UE_4.14/Engine/Plugins/Online/Android/OnlineSubsystemGameCircle/OnlineSubsystemGameCircle.uplugin
LogPluginManager: Loaded Plugin OnlineSubsystemGooglePlay, From C:/Program Files/Epic Games/UE_4.14/Engine/Plugins/Online/Android/OnlineSubsystemGooglePlay/OnlineSubsystemGooglePlay.uplugin
LogPluginManager: Loaded Plugin OnlineSubsystemIOS, From C:/Program Files/Epic Games/UE_4.14/Engine/Plugins/Online/IOS/OnlineSubsystemIOS/OnlineSubsystemIOS.uplugin
LogPluginManager: Loaded Plugin OnlineFramework, From C:/Program Files/Epic Games/UE_4.14/Engine/Plugins/Online/OnlineFramework/OnlineFramework.uplugin
LogPluginManager: Loaded Plugin OnlineSubsystem, From C:/Program Files/Epic Games/UE_4.14/Engine/Plugins/Online/OnlineSubsystem/OnlineSubsystem.uplugin
LogPluginManager: Loaded Plugin OnlineSubsystemAmazon, From C:/Program Files/Epic Games/UE_4.14/Engine/Plugins/Online/OnlineSubsystemAmazon/OnlineSubsystemAmazon.uplugin
LogPluginManager: Loaded Plugin OnlineSubsystemFacebook, From C:/Program Files/Epic Games/UE_4.14/Engine/Plugins/Online/OnlineSubsystemFacebook/OnlineSubsystemFacebook.uplugin
LogPluginManager: Loaded Plugin OnlineSubsystemNull, From C:/Program Files/Epic Games/UE_4.14/Engine/Plugins/Online/OnlineSubsystemNull/OnlineSubsystemNull.uplugin
LogPluginManager: Loaded Plugin OnlineSubsystemOculus, From C:/Program Files/Epic Games/UE_4.14/Engine/Plugins/Online/OnlineSubsystemOculus/OnlineSubsystemOculus.uplugin
LogPluginManager: Loaded Plugin OnlineSubsystemSteam, From C:/Program Files/Epic Games/UE_4.14/Engine/Plugins/Online/OnlineSubsystemSteam/OnlineSubsystemSteam.uplugin
LogPluginManager: Loaded Plugin OnlineSubsystemUtils, From C:/Program Files/Epic Games/UE_4.14/Engine/Plugins/Online/OnlineSubsystemUtils/OnlineSubsystemUtils.uplugin
LogPluginManager: Loaded Plugin IOSTapJoy, From C:/Program Files/Epic Games/UE_4.14/Engine/Plugins/Runtime/Advertising/IOSTapJoy/IOSTapJoy.uplugin
LogPluginManager: Loaded Plugin AnalyticsBlueprintLibrary, From C:/Program Files/Epic Games/UE_4.14/Engine/Plugins/Runtime/Analytics/AnalyticsBlueprintLibrary/AnalyticsBlueprintLibrary.uplugin
LogPluginManager: Loaded Plugin AnalyticsMulticast, From C:/Program Files/Epic Games/UE_4.14/Engine/Plugins/Runtime/Analytics/AnalyticsMulticast/AnalyticsMulticast.uplugin
LogPluginManager: Loaded Plugin Apsalar, From C:/Program Files/Epic Games/UE_4.14/Engine/Plugins/Runtime/Analytics/Apsalar/Apsalar.uplugin
LogPluginManager: Loaded Plugin FileLogging, From C:/Program Files/Epic Games/UE_4.14/Engine/Plugins/Runtime/Analytics/FileLogging/FileLogging.uplugin
LogPluginManager: Loaded Plugin Flurry, From C:/Program Files/Epic Games/UE_4.14/Engine/Plugins/Runtime/Analytics/Flurry/Flurry.uplugin
LogPluginManager: Loaded Plugin AndroidDeviceProfileSelector, From C:/Program Files/Epic Games/UE_4.14/Engine/Plugins/Runtime/AndroidDeviceProfileSelector/AndroidDeviceProfileSelector.uplugin
LogPluginManager: Loaded Plugin AndroidMoviePlayer, From C:/Program Files/Epic Games/UE_4.14/Engine/Plugins/Runtime/AndroidMoviePlayer/AndroidMoviePlayer.uplugin
LogPluginManager: Loaded Plugin AppleMoviePlayer, From C:/Program Files/Epic Games/UE_4.14/Engine/Plugins/Runtime/AppleMoviePlayer/AppleMoviePlayer.uplugin
LogPluginManager: Loaded Plugin ArchVisCharacter, From C:/Program Files/Epic Games/UE_4.14/Engine/Plugins/Runtime/ArchVisCharacter/ArchVisCharacter.uplugin
LogPluginManager: Loaded Plugin CableComponent, From C:/Program Files/Epic Games/UE_4.14/Engine/Plugins/Runtime/CableComponent/CableComponent.uplugin
LogPluginManager: Loaded Plugin CustomMeshComponent, From C:/Program Files/Epic Games/UE_4.14/Engine/Plugins/Runtime/CustomMeshComponent/CustomMeshComponent.uplugin
LogPluginManager: Loaded Plugin ExampleDeviceProfileSelector, From C:/Program Files/Epic Games/UE_4.14/Engine/Plugins/Runtime/ExampleDeviceProfileSelector/ExampleDeviceProfileSelector.uplugin
LogPluginManager: Loaded Plugin GearVR, From C:/Program Files/Epic Games/UE_4.14/Engine/Plugins/Runtime/GearVR/GearVR.uplugin
LogPluginManager: Loaded Plugin GoogleVRController, From C:/Program Files/Epic Games/UE_4.14/Engine/Plugins/Runtime/GoogleVR/GoogleVRController/GoogleVRController.uplugin
LogPluginManager: Loaded Plugin GoogleVRHMD, From C:/Program Files/Epic Games/UE_4.14/Engine/Plugins/Runtime/GoogleVR/GoogleVRHMD/GoogleVRHMD.uplugin
LogPluginManager: Loaded Plugin IOSDeviceProfileSelector, From C:/Program Files/Epic Games/UE_4.14/Engine/Plugins/Runtime/IOSDeviceProfileSelector/IOSDeviceProfileSelector.uplugin
LogPluginManager: Loaded Plugin LeapMotion, From C:/Program Files/Epic Games/UE_4.14/Engine/Plugins/Runtime/LeapMotion/LeapMotion.uplugin
LogPluginManager: Loaded Plugin LinuxDeviceProfileSelector, From C:/Program Files/Epic Games/UE_4.14/Engine/Plugins/Runtime/LinuxDeviceProfileSelector/LinuxDeviceProfileSelector.uplugin
LogPluginManager: Loaded Plugin MIDIDevice, From C:/Program Files/Epic Games/UE_4.14/Engine/Plugins/Runtime/MIDIDevice/MIDIDevice.uplugin
LogPluginManager: Loaded Plugin MobilePatchingUtils, From C:/Program Files/Epic Games/UE_4.14/Engine/Plugins/Runtime/MobilePatchingUtils/MobilePatchingUtils.uplugin
LogPluginManager: Loaded Plugin Ansel, From C:/Program Files/Epic Games/UE_4.14/Engine/Plugins/Runtime/Nvidia/Ansel/Ansel.uplugin
LogPluginManager: Loaded Plugin OculusAudio, From C:/Program Files/Epic Games/UE_4.14/Engine/Plugins/Runtime/OculusAudio/OculusAudio.uplugin
LogPluginManager: Loaded Plugin OculusInput, From C:/Program Files/Epic Games/UE_4.14/Engine/Plugins/Runtime/OculusInput/OculusInput.uplugin
LogPluginManager: Loaded Plugin OculusLibrary, From C:/Program Files/Epic Games/UE_4.14/Engine/Plugins/Runtime/OculusLibrary/OculusLibrary.uplugin
LogPluginManager: Loaded Plugin OculusRift, From C:/Program Files/Epic Games/UE_4.14/Engine/Plugins/Runtime/OculusRift/OculusRift.uplugin
LogPluginManager: Loaded Plugin Oodle, From C:/Program Files/Epic Games/UE_4.14/Engine/Plugins/Runtime/PacketHandlers/CompressionComponents/Oodle/Oodle.uplugin
LogPluginManager: Loaded Plugin ProceduralMeshComponent, From C:/Program Files/Epic Games/UE_4.14/Engine/Plugins/Runtime/ProceduralMeshComponent/ProceduralMeshComponent.uplugin
LogPluginManager: Loaded Plugin SoundMod, From C:/Program Files/Epic Games/UE_4.14/Engine/Plugins/Runtime/SoundMod/SoundMod.uplugin
LogPluginManager: Loaded Plugin SoundVisualizations, From C:/Program Files/Epic Games/UE_4.14/Engine/Plugins/Runtime/SoundVisualizations/SoundVisualizations.uplugin
LogPluginManager: Loaded Plugin SteamController, From C:/Program Files/Epic Games/UE_4.14/Engine/Plugins/Runtime/Steam/SteamController/SteamController.uplugin
LogPluginManager: Loaded Plugin SteamVR, From C:/Program Files/Epic Games/UE_4.14/Engine/Plugins/Runtime/Steam/SteamVR/SteamVR.uplugin
LogPluginManager: Loaded Plugin WebBrowserWidget, From C:/Program Files/Epic Games/UE_4.14/Engine/Plugins/Runtime/WebBrowserWidget/WebBrowserWidget.uplugin
LogPluginManager: Loaded Plugin WindowsDeviceProfileSelector, From C:/Program Files/Epic Games/UE_4.14/Engine/Plugins/Runtime/WindowsDeviceProfileSelector/WindowsDeviceProfileSelector.uplugin
LogPluginManager: Loaded Plugin WindowsMoviePlayer, From C:/Program Files/Epic Games/UE_4.14/Engine/Plugins/Runtime/WindowsMoviePlayer/WindowsMoviePlayer.uplugin
LogPluginManager: Loaded Plugin ScriptPlugin, From C:/Program Files/Epic Games/UE_4.14/Engine/Plugins/ScriptPlugin/ScriptPlugin.uplugin
LogPluginManager: Loaded Plugin SlateRemote, From C:/Program Files/Epic Games/UE_4.14/Engine/Plugins/Slate/SlateRemote/SlateRemote.uplugin
LogPluginManager: Loaded Plugin EditorTests, From C:/Program Files/Epic Games/UE_4.14/Engine/Plugins/Tests/EditorTests/EditorTests.uplugin
LogPluginManager: Loaded Plugin FbxAutomationTestBuilder, From C:/Program Files/Epic Games/UE_4.14/Engine/Plugins/Tests/FbxAutomationTestBuilder/FbxAutomationTestBuilder.uplugin
LogPluginManager: Loaded Plugin FunctionalTestingEditor, From C:/Program Files/Epic Games/UE_4.14/Engine/Plugins/Tests/FunctionalTestingEditor/FunctionalTestingEditor.uplugin
LogPluginManager: Loaded Plugin RuntimeTests, From C:/Program Files/Epic Games/UE_4.14/Engine/Plugins/Tests/RuntimeTests/RuntimeTests.uplugin
LogPluginManager: Loaded Plugin ScreenshotTools, From C:/Program Files/Epic Games/UE_4.14/Engine/Plugins/Tests/ScreenshotTools/ScreenshotTools.uplugin
LogInit: Using libcurl 7.47.1
LogInit:  - built for x86_64-pc-win32
LogInit:  - supports SSL with OpenSSL/1.0.2g
LogInit:  - supports HTTP deflate (compression) using libz 1.2.8
LogInit:  - other features:
LogInit:      CURL_VERSION_SSL
LogInit:      CURL_VERSION_LIBZ
LogInit:      CURL_VERSION_IPV6
LogInit:      CURL_VERSION_ASYNCHDNS
LogInit:      CURL_VERSION_LARGEFILE
LogInit:      CURL_VERSION_IDN
LogInit:  CurlRequestOptions (configurable via config and command line):
LogInit:  - bVerifyPeer = false  - Libcurl will NOT verify peer certificate
LogInit:  - bUseHttpProxy = false  - Libcurl will NOT use HTTP proxy
LogInit:  - bDontReuseConnections = false  - Libcurl will reuse connections
LogInit:  - CertBundlePath = nullptr  - Libcurl will use whatever was configured at build time.
LeapPluginLog: Using LeapPlugin version 2.0.0
OCULUS: Info: [CAPI] LibOVR module is located at C:\Program Files\Oculus\Support\oculus-runtime\LibOVRRT64_1.dll
OCULUS: Debug: Connected to the server running version (prod = 1).1.24.0(build = 547103) feature version = 0. Client runs version (prod = 1).1.24.0(build = 0) feature version = 0
LogInit: Build: ++UE4+Release-4.14-CL-3249277
LogInit: Engine Version: 4.14.3-3249277+++UE4+Release-4.14
LogInit: Compatible Engine Version: 4.14.0-3195953+++UE4+Release-4.14
LogInit: Net CL: 3195953
LogDevObjectVersion: Number of dev versions registered: 13
LogDevObjectVersion:   Dev-Blueprints (B0D832E4-1F89-4F0D-ACCF-7EB736FD4AA2): 7
LogDevObjectVersion:   Dev-Build (E1C64328-A22C-4D53-A36C-8E866417BD8C): 0
LogDevObjectVersion:   Dev-Core (375EC13C-06E4-48FB-B500-84F0262A717E): 1
LogDevObjectVersion:   Dev-Editor (E4B068ED-F494-42E9-A231-DA0B2E46BB41): 8
LogDevObjectVersion:   Dev-Framework (CFFC743F-43B0-4480-9391-14DF171D2073): 17
LogDevObjectVersion:   Dev-Mobile (B02B49B5-BB20-44E9-A304-32B752E40360): 0
LogDevObjectVersion:   Dev-Networking (A4E4105C-59A1-49B5-A7C5-40C4547EDFEE): 0
LogDevObjectVersion:   Dev-Online (39C831C9-5AE6-47DC-9A44-9C173E1C8E7C): 0
LogDevObjectVersion:   Dev-Physics (78F01B33-EBEA-4F98-B9B4-84EACCB95AA2): 0
LogDevObjectVersion:   Dev-Platform (6631380F-2D4D-43E0-8009-CF276956A95A): 0
LogDevObjectVersion:   Dev-Rendering (12F88B9F-8875-4AFC-A67C-D90C383ABD29): 12
LogDevObjectVersion:   Dev-Sequencer (7B5AE74C-D270-4C10-A958-57980B212A5A): 1
LogDevObjectVersion:   Dev-VR (D7296918-1DD6-4BDD-9DE2-64A83CC13884): 0
LogInit: Compiled (64-bit): Jan  6 2017 10:49:43
LogInit: Compiled with Visual C++: 19.00.23026.00
LogInit: Build Configuration: Development
LogInit: Branch Name: ++UE4+Release-4.14
LogInit: Command line:  -game
LogInit: Base directory: C:/Program Files/Epic Games/UE_4.14/Engine/Binaries/Win64/
LogInit: Installed Engine Build: 1
LogInit: Presizing for max 8388607 objects, including 0 objects not considered by GC, pre-allocating 0 bytes for permanent pool.
LogInit: Object subsystem initialized
[2018.04.03-00.40.23:524][  0]LogInit: Selected Device Profile: [Windows]
[2018.04.03-00.40.23:524][  0]LogInit: Applying CVar settings loaded from the selected device profile: [Windows]
[2018.04.03-00.40.23:537][  0]LogInit: Computer: LAPTOP-SDOJ2DHJ
[2018.04.03-00.40.23:537][  0]LogInit: User: teamd
[2018.04.03-00.40.23:537][  0]LogInit: CPU Page size=65536, Cores=4
[2018.04.03-00.40.23:537][  0]LogInit: High frequency timer resolution =2.742185 MHz
[2018.04.03-00.40.23:537][  0]LogMemory: Memory total: Physical=15.9GB (16GB approx)
[2018.04.03-00.40.23:537][  0]LogMemory: Platform Memory Stats for Windows
[2018.04.03-00.40.23:537][  0]LogMemory: Process Physical Memory: 272.01 MB used, 272.01 MB peak
[2018.04.03-00.40.23:537][  0]LogMemory: Process Virtual Memory: 267.05 MB used, 267.05 MB peak
[2018.04.03-00.40.23:537][  0]LogMemory: Physical Memory: 5744.37 MB used,  10523.23 MB free, 16267.60 MB total
[2018.04.03-00.40.23:537][  0]LogMemory: Virtual Memory: 796.12 MB used,  10523.23 MB free, 134217728.00 MB total
[2018.04.03-00.40.23:564][  0]LogTextLocalizationManager: No specific translations for ('en-US') exist, so ('en') translations will be used.
[2018.04.03-00.40.24:033][  0]LogD3D11RHI: D3D11 adapters:
[2018.04.03-00.40.24:086][  0]LogD3D11RHI:    0. 'NVIDIA GeForce GTX 1060' (Feature Level 11_0)
[2018.04.03-00.40.24:086][  0]LogD3D11RHI:       6084/0/8133 MB DedicatedVideo/DedicatedSystem/SharedSystem, Outputs:1, VendorId:0x10de
[2018.04.03-00.40.24:096][  0]LogD3D11RHI:    1. 'Intel(R) HD Graphics 630' (Feature Level 11_0)
[2018.04.03-00.40.24:096][  0]LogD3D11RHI:       128/0/8133 MB DedicatedVideo/DedicatedSystem/SharedSystem, Outputs:0, VendorId:0x8086
[2018.04.03-00.40.24:099][  0]LogD3D11RHI:    2. 'Microsoft Basic Render Driver' (Feature Level 11_0)
[2018.04.03-00.40.24:099][  0]LogD3D11RHI:       0/0/8133 MB DedicatedVideo/DedicatedSystem/SharedSystem, Outputs:0, VendorId:0x1414
[2018.04.03-00.40.24:099][  0]LogD3D11RHI: Chosen D3D11 Adapter: 0
[2018.04.03-00.40.24:107][  0]LogD3D11RHI: Creating new Direct3DDevice
[2018.04.03-00.40.24:107][  0]LogD3D11RHI:     GPU DeviceId: 0x1c20 (for the marketing name, search the web for "GPU Device Id")
[2018.04.03-00.40.24:107][  0]LogWindows: EnumDisplayDevices:
[2018.04.03-00.40.24:107][  0]LogWindows:    0. 'Intel(R) HD Graphics 630' (P:1 D:1)
[2018.04.03-00.40.24:107][  0]LogWindows:    1. 'Intel(R) HD Graphics 630' (P:0 D:0)
[2018.04.03-00.40.24:107][  0]LogWindows:    2. 'Intel(R) HD Graphics 630' (P:0 D:0)
[2018.04.03-00.40.24:107][  0]LogWindows:    3. 'NVIDIA GeForce GTX 1060' (P:0 D:0)
[2018.04.03-00.40.24:107][  0]LogWindows: DebugString: GetVideoDriverDetailsInvalid PrimaryIsNotTheChoosenAdapter GetVideoDriverDetailsInvalid PrimaryIsNotTheChoosenAdapter GetVideoDriverDetailsInvalid PrimaryIsNotTheChoosenAdapter GetVideoDriverDetailsInvalid PrimaryIsNotTheChoosenAdapter FoundDriverCount:0 
[2018.04.03-00.40.24:107][  0]LogD3D11RHI:     Adapter Name: NVIDIA GeForce GTX 1060
[2018.04.03-00.40.24:107][  0]LogD3D11RHI:   Driver Version: Unknown (internal:Unknown, unified:Unknown)
[2018.04.03-00.40.24:107][  0]LogD3D11RHI:      Driver Date: Unknown
[2018.04.03-00.40.24:107][  0]LogRHI: Texture pool is 1361 MB (70% of 1945 MB)
[2018.04.03-00.40.24:137][  0]LogD3D11RHI: Async texture creation enabled
[2018.04.03-00.40.24:154][  0]LogD3D11RHI: GPU Timing Frequency: 1000.000000 (Debug: 2 1)
[2018.04.03-00.40.24:155][  0]LogShaderCompilers: Guid format shader working directory is -26 characters bigger than the processId version (../../../../../../Users/teamd/Documents/Unreal Projects/example_3dwidget/Intermediate/Shaders/WorkingDirectory/5972/).
[2018.04.03-00.40.24:155][  0]LogShaderCompilers: Cleaned the shader compiler working directory 'C:/Users/teamd/AppData/Local/Temp/UnrealShaderWorkingDir/DCED048C4686BAB760F73E84927E5FAF/'.
[2018.04.03-00.40.24:155][  0]LogShaderCompilers:Display: Using Local Shader Compiler.
[2018.04.03-00.40.25:165][  0]LogTemp:Display: Loaded TP WindowsClientTargetPlatform
[2018.04.03-00.40.25:227][  0]LogTemp:Display: Loaded TP WindowsNoEditorTargetPlatform
[2018.04.03-00.40.25:288][  0]LogTemp:Display: Loaded TP WindowsServerTargetPlatform
[2018.04.03-00.40.25:338][  0]LogTemp:Display: Loaded TP WindowsTargetPlatform
[2018.04.03-00.40.25:338][  0]LogTargetPlatformManager:Display: Building Assets For Windows
[2018.04.03-00.40.25:781][  0]LogDerivedDataCache:Display: Max Cache Size: 512 MB
[2018.04.03-00.40.25:826][  0]LogDerivedDataCache: Loaded boot cache 0.04s 50MB C:/Users/teamd/AppData/Local/UnrealEngine/4.14/DerivedDataCache/Boot.ddc.
[2018.04.03-00.40.25:826][  0]LogDerivedDataCache:Display: Loaded Boot cache: C:/Users/teamd/AppData/Local/UnrealEngine/4.14/DerivedDataCache/Boot.ddc
[2018.04.03-00.40.25:826][  0]LogDerivedDataCache: FDerivedDataBackendGraph:  Pak pak cache file ../../../../../../Users/teamd/Documents/Unreal Projects/example_3dwidget/DerivedDataCache/DDC.ddp not found, will not use a pak cache.
[2018.04.03-00.40.25:826][  0]LogDerivedDataCache: Unable to find inner node Pak for hierarchical cache Hierarchy.
[2018.04.03-00.40.25:826][  0]LogDerivedDataCache: FDerivedDataBackendGraph:  CompressedPak pak cache file ../../../../../../Users/teamd/Documents/Unreal Projects/example_3dwidget/DerivedDataCache/Compressed.ddp not found, will not use a pak cache.
[2018.04.03-00.40.25:826][  0]LogDerivedDataCache: Unable to find inner node CompressedPak for hierarchical cache Hierarchy.
[2018.04.03-00.40.25:842][  0]LogDerivedDataCache:Display: Pak cache opened for reading ../../../Engine/DerivedDataCache/Compressed.ddp.
[2018.04.03-00.40.25:854][  0]LogDerivedDataCache: Using Local data cache path C:/Users/teamd/AppData/Local/UnrealEngine/Common/DerivedDataCache: Writable
[2018.04.03-00.40.26:071][  0]LogAssetRegistry: FAssetRegistry took 0.0001 seconds to start up
[2018.04.03-00.40.26:105][  0]LogPackageLocalizationCache: Processed 4 localized package path(s) for 2 prioritized culture(s) in 0.034686 seconds
[2018.04.03-00.40.26:123][  0]LogInit: Selected Device Profile: [Windows]
[2018.04.03-00.40.26:125][  0]LogContentStreaming: Texture pool size is 1000.00 MB
[2018.04.03-00.40.26:347][  0]LogMeshUtilities: Using QuadricMeshReduction for automatic static mesh reduction
[2018.04.03-00.40.26:395][  0]LogSimplygon: Simplygon DLL not present - disabling.
[2018.04.03-00.40.26:448][  0]LogMeshUtilities: Using SimplygonSwarm for distributed automatic mesh merging
[2018.04.03-00.40.26:448][  0]LogMeshUtilities: No automatic skeletal mesh reduction module available
[2018.04.03-00.40.26:448][  0]LogMeshUtilities: No automatic mesh merging module available
[2018.04.03-00.40.26:944][  0]LogNetVersion: GetLocalNetworkVersion: CL: 3195953, ProjectName: example_3dwidget, ProjectVersion: , EngineNetworkVersion: 2, GameNetworkVersion: 0, NetworkChecksum: 779462881
[2018.04.03-00.40.27:023][  0]LogInit: WinSock: version 1.1 (2.2), MaxSocks=32767, MaxUdp=65467
[2018.04.03-00.40.27:833][  0]LogSlate: Using Freetype 2.6.0
[2018.04.03-00.40.27:834][  0]LogSlate: SlateFontCache - WITH_FREETYPE: 1, WITH_HARFBUZZ: 1
[2018.04.03-00.40.27:834][  0]LogSlate: SlateFontCache - WITH_FREETYPE: 1, WITH_HARFBUZZ: 1
[2018.04.03-00.40.27:995][  0]LogMoviePlayer: Initializing movie player
[2018.04.03-00.40.28:121][  0]LogWindowsMoviePlayer: Unable to load movie: ../../../../../../Users/teamd/Documents/Unreal Projects/example_3dwidget/Content/Movies/Default_Startup.mp4
[2018.04.03-00.40.28:469][  0]SourceControl: Info Source control is disabled
[2018.04.03-00.40.28:469][  0]SourceControl: Info Source control is disabled
[2018.04.03-00.40.28:522][  0]SourceControl: Info Source control is disabled
[2018.04.03-00.40.28:785][  0]LogModuleManager:Warning: ModuleManager: Unable to load module 'C:/Program Files/Epic Games/UE_4.14/Engine/Plugins/NetcodeUnitTest/NUTUnrealEngine4/Binaries/Win64/UE4Editor-NUTUnrealEngine4.dll' because the file couldn't be loaded by the OS.
[2018.04.03-00.40.28:797][  0]LogWindowsTextInputMethodSystem:Display: IME system now deactivated.
[2018.04.03-00.40.33:012][  0]LogMoviePlayer: Shutting down movie player
[2018.04.03-00.40.33:214][  0]LogWindowsTextInputMethodSystem:Display: IME system now deactivated.
[2018.04.03-00.40.33:253][  0]LogExit: Preparing to exit.
[2018.04.03-00.40.33:282][  0]LogUObjectArray: 29636 objects as part of root set at end of initial load.
[2018.04.03-00.40.33:282][  0]LogUObjectAllocator: 7441912 out of 0 bytes used by permanent object pool.
[2018.04.03-00.40.33:282][  0]LogUObjectArray: CloseDisregardForGC: 0/0 objects in disregard for GC pool
[2018.04.03-00.40.33:359][  0]LogObj: Freed 0b from 0 cluster array pools.
[2018.04.03-00.40.33:359][  0]LogExit: Object subsystem successfully closed.
[2018.04.03-00.40.33:374][  0]LogD3D11RHI: Shutdown
[2018.04.03-00.40.33:374][  0]LogD3D11RHI: CleanupD3DDevice
[2018.04.03-00.40.33:398][  0]LogD3D11RHI: ~FD3D11DynamicRHI
[2018.04.03-00.40.33:406][  0]LogModuleManager: Shutting down and abandoning module HTML5Networking (92)
[2018.04.03-00.40.33:406][  0]LogModuleManager: Shutting down and abandoning module DesktopPlatform (91)
[2018.04.03-00.40.33:406][  0]LogModuleManager: Shutting down and abandoning module DirectoryWatcher (90)
[2018.04.03-00.40.33:406][  0]LogModuleManager: Shutting down and abandoning module HotReload (89)
[2018.04.03-00.40.33:406][  0]LogModuleManager: Shutting down and abandoning module VisualStudioSourceCodeAccess (88)
[2018.04.03-00.40.33:406][  0]LogModuleManager: Shutting down and abandoning module UObjectPlugin (87)
[2018.04.03-00.40.33:406][  0]LogModuleManager: Shutting down and abandoning module SubversionSourceControl (86)
[2018.04.03-00.40.33:406][  0]LogModuleManager: Shutting down and abandoning module SourceControl (85)
[2018.04.03-00.40.33:406][  0]LogModuleManager: Shutting down and abandoning module PerforceSourceControl (84)
[2018.04.03-00.40.33:406][  0]LogModuleManager: Shutting down and abandoning module UdpMessaging (83)
[2018.04.03-00.40.33:406][  0]LogModuleManager: Shutting down and abandoning module TcpMessaging (82)
[2018.04.03-00.40.33:406][  0]LogModuleManager: Shutting down and abandoning module LightPropagationVolumeRuntime (81)
[2018.04.03-00.40.33:406][  0]LogModuleManager: Shutting down and abandoning module Paper2D (80)
[2018.04.03-00.40.33:406][  0]LogModuleManager: Shutting down and abandoning module WindowsMoviePlayer (79)
[2018.04.03-00.40.33:406][  0]LogModuleManager: Shutting down and abandoning module WmfMedia (78)
[2018.04.03-00.40.33:408][  0]LogModuleManager: Shutting down and abandoning module MediaAssets (77)
[2018.04.03-00.40.33:408][  0]LogModuleManager: Shutting down and abandoning module GameLiveStreaming (76)
[2018.04.03-00.40.33:408][  0]LogModuleManager: Shutting down and abandoning module GameplayTagsEditor (75)
[2018.04.03-00.40.33:408][  0]LogModuleManager: Shutting down and abandoning module VREditor (74)
[2018.04.03-00.40.33:408][  0]LogModuleManager: Shutting down and abandoning module GameplayTasksEditor (73)
[2018.04.03-00.40.33:408][  0]LogModuleManager: Shutting down and abandoning module BehaviorTreeEditor (72)
[2018.04.03-00.40.33:408][  0]LogModuleManager: Shutting down and abandoning module FunctionalTesting (71)
[2018.04.03-00.40.33:408][  0]LogModuleManager: Shutting down and abandoning module CollisionAnalyzer (70)
[2018.04.03-00.40.33:408][  0]LogModuleManager: Shutting down and abandoning module Sequencer (69)
[2018.04.03-00.40.33:408][  0]LogModuleManager: Shutting down and abandoning module WorkspaceMenuStructure (68)
[2018.04.03-00.40.33:408][  0]LogModuleManager: Shutting down and abandoning module MessageLog (67)
[2018.04.03-00.40.33:408][  0]LogModuleManager: Shutting down and abandoning module AssetTools (66)
[2018.04.03-00.40.33:409][  0]LogModuleManager: Shutting down and abandoning module UMGEditor (65)
[2018.04.03-00.40.33:409][  0]LogModuleManager: Shutting down and abandoning module UMG (64)
[2018.04.03-00.40.33:409][  0]LogModuleManager: Shutting down and abandoning module SlateReflector (63)
[2018.04.03-00.40.33:409][  0]LogModuleManager: Shutting down and abandoning module Slate (62)
[2018.04.03-00.40.33:409][  0]LogModuleManager: Shutting down and abandoning module EditorStyle (61)
[2018.04.03-00.40.33:410][  0]LogModuleManager: Shutting down and abandoning module Messaging (60)
[2018.04.03-00.40.33:410][  0]LogModuleManager: Shutting down and abandoning module SourceCodeAccess (59)
[2018.04.03-00.40.33:410][  0]LogModuleManager: Shutting down and abandoning module HeadMountedDisplay (58)
[2018.04.03-00.40.33:410][  0]LogModuleManager: Shutting down and abandoning module XAudio2 (57)
[2018.04.03-00.40.33:410][  0]LogModuleManager: Shutting down and abandoning module Networking (55)
[2018.04.03-00.40.33:410][  0]LogModuleManager: Shutting down and abandoning module Core (54)
[2018.04.03-00.40.33:410][  0]LogModuleManager: Shutting down and abandoning module KismetCompiler (53)
[2018.04.03-00.40.33:410][  0]LogModuleManager: Shutting down and abandoning module PhysXFormats (52)
[2018.04.03-00.40.33:410][  0]LogModuleManager: Shutting down and abandoning module SimplygonSwarm (51)
[2018.04.03-00.40.33:410][  0]LogModuleManager: Shutting down and abandoning module SimplygonMeshReduction (50)
[2018.04.03-00.40.33:411][  0]LogModuleManager: Shutting down and abandoning module QuadricMeshReduction (49)
[2018.04.03-00.40.33:411][  0]LogModuleManager: Shutting down and abandoning module PropertyEditor (48)
[2018.04.03-00.40.33:411][  0]LogModuleManager: Shutting down and abandoning module MeshUtilities (47)
[2018.04.03-00.40.33:411][  0]LogModuleManager: Shutting down and abandoning module AssetRegistry (46)
[2018.04.03-00.40.33:411][  0]LogModuleManager: Shutting down and abandoning module DerivedDataCache (45)
[2018.04.03-00.40.33:854][  0]LogDerivedDataCache: Shutdown
[2018.04.03-00.40.33:854][  0]LogModuleManager: Shutting down and abandoning module VulkanShaderFormat (44)
[2018.04.03-00.40.33:854][  0]LogModuleManager: Shutting down and abandoning module ShaderFormatOpenGL (43)
[2018.04.03-00.40.33:854][  0]LogModuleManager: Shutting down and abandoning module ShaderFormatD3D (42)
[2018.04.03-00.40.33:854][  0]LogModuleManager: Shutting down and abandoning module MetalShaderFormat (41)
[2018.04.03-00.40.33:854][  0]LogModuleManager: Shutting down and abandoning module TextureFormatUncompressed (40)
[2018.04.03-00.40.33:854][  0]LogModuleManager: Shutting down and abandoning module TextureFormatPVR (39)
[2018.04.03-00.40.33:854][  0]LogModuleManager: Shutting down and abandoning module TextureFormatDXT (38)
[2018.04.03-00.40.33:854][  0]LogModuleManager: Shutting down and abandoning module TextureFormatIntelISPCTexComp (37)
[2018.04.03-00.40.33:854][  0]LogModuleManager: Shutting down and abandoning module ImageWrapper (36)
[2018.04.03-00.40.33:854][  0]LogModuleManager: Shutting down and abandoning module TextureFormatASTC (35)
[2018.04.03-00.40.33:854][  0]LogModuleManager: Shutting down and abandoning module TextureFormatAndroid (34)
[2018.04.03-00.40.33:854][  0]LogModuleManager: Shutting down and abandoning module AudioFormatOpus (33)
[2018.04.03-00.40.33:854][  0]LogModuleManager: Shutting down and abandoning module AudioFormatOgg (32)
[2018.04.03-00.40.33:854][  0]LogModuleManager: Shutting down and abandoning module AudioFormatADPCM (31)
[2018.04.03-00.40.33:854][  0]LogModuleManager: Shutting down and abandoning module WindowsTargetPlatform (30)
[2018.04.03-00.40.33:854][  0]LogModuleManager: Shutting down and abandoning module WindowsServerTargetPlatform (29)
[2018.04.03-00.40.33:854][  0]LogModuleManager: Shutting down and abandoning module WindowsNoEditorTargetPlatform (28)
[2018.04.03-00.40.33:854][  0]LogModuleManager: Shutting down and abandoning module WindowsClientTargetPlatform (27)
[2018.04.03-00.40.33:854][  0]LogModuleManager: Shutting down and abandoning module TargetPlatform (26)
[2018.04.03-00.40.33:854][  0]LogModuleManager: Shutting down and abandoning module InputCore (25)
[2018.04.03-00.40.33:854][  0]LogModuleManager: Shutting down and abandoning module Settings (24)
[2018.04.03-00.40.33:854][  0]LogModuleManager: Shutting down and abandoning module OculusRift (23)
[2018.04.03-00.40.33:855][  0]LogHMD: Oculus shutdown.
[2018.04.03-00.40.33:855][  0]LogModuleManager: Shutting down and abandoning module LeapMotion (22)
[2018.04.03-00.40.33:855][  0]LogModuleManager: Shutting down and abandoning module ExampleDeviceProfileSelector (21)
[2018.04.03-00.40.33:855][  0]LogModuleManager: Shutting down and abandoning module OnlineBlueprintSupport (20)
[2018.04.03-00.40.33:855][  0]LogModuleManager: Shutting down and abandoning module OnlineSubsystem (18)
[2018.04.03-00.40.33:855][  0]LogModuleManager: Shutting down and abandoning module SSL (17)
[2018.04.03-00.40.33:856][  0]LogModuleManager: Shutting down and abandoning module HTTP (16)
[2018.04.03-00.40.33:856][  0]LogModuleManager: Shutting down and abandoning module XMPP (15)
[2018.04.03-00.40.33:856][  0]LogModuleManager: Shutting down and abandoning module TextureCompressor (14)
[2018.04.03-00.40.33:856][  0]LogModuleManager: Shutting down and abandoning module ShaderCore (13)
[2018.04.03-00.40.33:856][  0]LogModuleManager: Shutting down and abandoning module Landscape (12)
[2018.04.03-00.40.33:856][  0]LogModuleManager: Shutting down and abandoning module SlateRHIRenderer (11)
[2018.04.03-00.40.33:856][  0]LogModuleManager: Shutting down and abandoning module OpenGLDrv (10)
[2018.04.03-00.40.33:856][  0]LogModuleManager: Shutting down and abandoning module D3D11RHI (9)
[2018.04.03-00.40.33:856][  0]LogModuleManager: Shutting down and abandoning module AnimGraphRuntime (8)
[2018.04.03-00.40.33:856][  0]LogModuleManager: Shutting down and abandoning module Renderer (7)
[2018.04.03-00.40.33:856][  0]LogModuleManager: Shutting down and abandoning module Engine (6)
[2018.04.03-00.40.33:856][  0]LogModuleManager: Shutting down and abandoning module CoreUObject (5)
[2018.04.03-00.40.33:856][  0]LogModuleManager: Shutting down and abandoning module NetworkFile (4)
[2018.04.03-00.40.33:856][  0]LogModuleManager: Shutting down and abandoning module StreamingFile (3)
[2018.04.03-00.40.33:856][  0]LogModuleManager: Shutting down and abandoning module SandboxFile (2)
[2018.04.03-00.40.33:856][  0]LogModuleManager: Shutting down and abandoning module PakFile (1)
[2018.04.03-00.40.33:858][  0]LogExit: Exiting.
[2018.04.03-00.40.33:859][  0]Log file closed, 04/02/18 20:40:33
