Log file open, 03/31/18 16:36:39
LogInit:Display: Running engine for game: example_3dwidget
LogPlatformFile: Not using cached read wrapper
LogInit:Display: RandInit(-381300283) SRandInit(-381300283).
LogTaskGraph: Started task graph with 5 named threads and 8 total threads with 1 sets of task threads.
LogStats: Stats thread started at 0.087709
LogInit: Using libcurl 7.47.1
LogInit:  - built for x86_64-pc-win32
LogInit:  - supports SSL with OpenSSL/1.0.2g
LogInit:  - supports HTTP deflate (compression) using libz 1.2.8
LogInit:  - other features:
LogInit:      CURL_VERSION_SSL
LogInit:      CURL_VERSION_LIBZ
LogInit:      CURL_VERSION_IPV6
LogInit:      CURL_VERSION_ASYNCHDNS
LogInit:      CURL_VERSION_LARGEFILE
LogInit:      CURL_VERSION_IDN
LogInit:  CurlRequestOptions (configurable via config and command line):
LogInit:  - bVerifyPeer = false  - Libcurl will NOT verify peer certificate
LogInit:  - bUseHttpProxy = false  - Libcurl will NOT use HTTP proxy
LogInit:  - bDontReuseConnections = false  - Libcurl will reuse connections
LogInit:  - CertBundlePath = nullptr  - Libcurl will use whatever was configured at build time.
LeapPluginLog: Using LeapPlugin version 2.0.0
OCULUS: Info: [CAPI] LibOVR module is located at C:\Program Files\Oculus\Support\oculus-runtime\LibOVRRT64_1.dll
OCULUS: Debug: Connected to the server running version (prod = 1).1.24.0(build = 547103) feature version = 0. Client runs version (prod = 1).1.24.0(build = 0) feature version = 0
OCULUS: Debug: [HMDState] Using default profile default
OCULUS: Info: IAD changed to 59.5mm
OCULUS: Debug: Creating factory
LogHMD: GearVR: Emulating GearVR using Oculus Rift!
LogInit: Build: ++UE4+Release-4.15-CL-3450819
LogInit: Engine Version: 4.15.3-3450819+++UE4+Release-4.15
LogInit: Compatible Engine Version: 4.15.0-3299760+++UE4+Release-4.15
LogInit: Net CL: 3299760
LogDevObjectVersion: Number of dev versions registered: 14
LogDevObjectVersion:   Dev-Blueprints (B0D832E4-1F89-4F0D-ACCF-7EB736FD4AA2): 8
LogDevObjectVersion:   Dev-Build (E1C64328-A22C-4D53-A36C-8E866417BD8C): 0
LogDevObjectVersion:   Dev-Core (375EC13C-06E4-48FB-B500-84F0262A717E): 2
LogDevObjectVersion:   Dev-Editor (E4B068ED-F494-42E9-A231-DA0B2E46BB41): 14
LogDevObjectVersion:   Dev-Framework (CFFC743F-43B0-4480-9391-14DF171D2073): 22
LogDevObjectVersion:   Dev-Mobile (B02B49B5-BB20-44E9-A304-32B752E40360): 0
LogDevObjectVersion:   Dev-Networking (A4E4105C-59A1-49B5-A7C5-40C4547EDFEE): 0
LogDevObjectVersion:   Dev-Online (39C831C9-5AE6-47DC-9A44-9C173E1C8E7C): 0
LogDevObjectVersion:   Dev-Physics (78F01B33-EBEA-4F98-B9B4-84EACCB95AA2): 0
LogDevObjectVersion:   Dev-Platform (6631380F-2D4D-43E0-8009-CF276956A95A): 0
LogDevObjectVersion:   Dev-Rendering (12F88B9F-8875-4AFC-A67C-D90C383ABD29): 12
LogDevObjectVersion:   Dev-Sequencer (7B5AE74C-D270-4C10-A958-57980B212A5A): 3
LogDevObjectVersion:   Dev-VR (D7296918-1DD6-4BDD-9DE2-64A83CC13884): 0
LogDevObjectVersion:   Dev-LoadTimes (C2A15278-BFE7-4AFE-6C17-90FF531DF755): 1
LogInit: Compiled (64-bit): May 21 2017 11:02:34
LogInit: Compiled with Visual C++: 19.00.23026.00
LogInit: Build Configuration: Development
LogInit: Branch Name: ++UE4+Release-4.15
LogInit: Command line: -EpicPortal 
LogInit: Base directory: C:/Program Files/Epic Games/UE_4.15/Engine/Binaries/Win64/
LogInit: Installed Engine Build: 1
LogInit: Presizing for max 8388607 objects, including 0 objects not considered by GC, pre-allocating 0 bytes for permanent pool.
LogInit: Object subsystem initialized
[2018.03.31-20.36.40:500][  0]LogInit: Selected Device Profile: [Windows]
[2018.03.31-20.36.40:500][  0]LogInit: Applying CVar settings loaded from the selected device profile: [Windows]
[2018.03.31-20.36.40:513][  0]LogInit: Computer: LAPTOP-SDOJ2DHJ
[2018.03.31-20.36.40:513][  0]LogInit: User: teamd
[2018.03.31-20.36.40:513][  0]LogInit: CPU Page size=65536, Cores=4
[2018.03.31-20.36.40:513][  0]LogInit: High frequency timer resolution =2.742185 MHz
[2018.03.31-20.36.40:513][  0]LogMemory: Memory total: Physical=15.9GB (16GB approx)
[2018.03.31-20.36.40:513][  0]LogMemory: Platform Memory Stats for Windows
[2018.03.31-20.36.40:513][  0]LogMemory: Process Physical Memory: 274.64 MB used, 274.64 MB peak
[2018.03.31-20.36.40:513][  0]LogMemory: Process Virtual Memory: 267.27 MB used, 267.27 MB peak
[2018.03.31-20.36.40:513][  0]LogMemory: Physical Memory: 6259.94 MB used,  10007.66 MB free, 16267.60 MB total
[2018.03.31-20.36.40:513][  0]LogMemory: Virtual Memory: 765.59 MB used,  10007.66 MB free, 134217728.00 MB total
[2018.03.31-20.36.40:600][  0]LogTextLocalizationManager: No specific translations for ('en-US') exist, so ('en') translations will be used.
[2018.03.31-20.36.41:230][  0]LogD3D11RHI: D3D11 adapters:
[2018.03.31-20.36.41:272][  0]LogD3D11RHI:    0. 'NVIDIA GeForce GTX 1060' (Feature Level 11_0)
[2018.03.31-20.36.41:272][  0]LogD3D11RHI:       6084/0/8133 MB DedicatedVideo/DedicatedSystem/SharedSystem, Outputs:1, VendorId:0x10de
[2018.03.31-20.36.41:282][  0]LogD3D11RHI:    1. 'Intel(R) HD Graphics 630' (Feature Level 11_0)
[2018.03.31-20.36.41:282][  0]LogD3D11RHI:       128/0/8133 MB DedicatedVideo/DedicatedSystem/SharedSystem, Outputs:0, VendorId:0x8086
[2018.03.31-20.36.41:284][  0]LogD3D11RHI:    2. 'Microsoft Basic Render Driver' (Feature Level 11_0)
[2018.03.31-20.36.41:284][  0]LogD3D11RHI:       0/0/8133 MB DedicatedVideo/DedicatedSystem/SharedSystem, Outputs:0, VendorId:0x1414
[2018.03.31-20.36.41:284][  0]LogD3D11RHI: Chosen D3D11 Adapter: 0
[2018.03.31-20.36.41:292][  0]LogD3D11RHI: Creating new Direct3DDevice
[2018.03.31-20.36.41:292][  0]LogD3D11RHI:     GPU DeviceId: 0x1c20 (for the marketing name, search the web for "GPU Device Id")
[2018.03.31-20.36.41:292][  0]LogWindows: EnumDisplayDevices:
[2018.03.31-20.36.41:292][  0]LogWindows:    0. 'Intel(R) HD Graphics 630' (P:1 D:1)
[2018.03.31-20.36.41:292][  0]LogWindows:    1. 'Intel(R) HD Graphics 630' (P:0 D:0)
[2018.03.31-20.36.41:293][  0]LogWindows:    2. 'Intel(R) HD Graphics 630' (P:0 D:0)
[2018.03.31-20.36.41:293][  0]LogWindows:    3. 'NVIDIA GeForce GTX 1060' (P:0 D:0)
[2018.03.31-20.36.41:293][  0]LogWindows: DebugString: GetVideoDriverDetailsInvalid PrimaryIsNotTheChoosenAdapter GetVideoDriverDetailsInvalid PrimaryIsNotTheChoosenAdapter GetVideoDriverDetailsInvalid PrimaryIsNotTheChoosenAdapter GetVideoDriverDetailsInvalid PrimaryIsNotTheChoosenAdapter FoundDriverCount:0 
[2018.03.31-20.36.41:293][  0]LogD3D11RHI:     Adapter Name: NVIDIA GeForce GTX 1060
[2018.03.31-20.36.41:293][  0]LogD3D11RHI:   Driver Version: Unknown (internal:Unknown, unified:Unknown)
[2018.03.31-20.36.41:293][  0]LogD3D11RHI:      Driver Date: Unknown
[2018.03.31-20.36.41:293][  0]LogRHI: Texture pool is 1361 MB (70% of 1945 MB)
[2018.03.31-20.36.41:316][  0]LogD3D11RHI: Async texture creation enabled
[2018.03.31-20.36.41:327][  0]LogD3D11RHI: GPU Timing Frequency: 1000.000000 (Debug: 2 1)
[2018.03.31-20.36.41:328][  0]LogShaderCompilers: Guid format shader working directory is -27 characters bigger than the processId version (../../../../../../Users/teamd/Documents/Unreal Projects/example_3dwidget/Intermediate/Shaders/WorkingDirectory/15772/).
[2018.03.31-20.36.41:329][  0]LogShaderCompilers: Cleaned the shader compiler working directory 'C:/Users/teamd/AppData/Local/Temp/UnrealShaderWorkingDir/B8F012F246ECD53F3C93538A07AA7B09/'.
[2018.03.31-20.36.41:329][  0]LogShaderCompilers:Display: Using Local Shader Compiler.
[2018.03.31-20.36.42:401][  0]LogTemp:Display: Loaded TP AllDesktopTargetPlatform
[2018.03.31-20.36.42:456][  0]LogTemp:Display: Loaded TP MacClientTargetPlatform
[2018.03.31-20.36.42:510][  0]LogTemp:Display: Loaded TP MacNoEditorTargetPlatform
[2018.03.31-20.36.42:563][  0]LogTemp:Display: Loaded TP MacServerTargetPlatform
[2018.03.31-20.36.42:622][  0]LogTemp:Display: Loaded TP MacTargetPlatform
[2018.03.31-20.36.42:680][  0]LogTemp:Display: Loaded TP WindowsClientTargetPlatform
[2018.03.31-20.36.42:739][  0]LogTemp:Display: Loaded TP WindowsNoEditorTargetPlatform
[2018.03.31-20.36.42:800][  0]LogTemp:Display: Loaded TP WindowsServerTargetPlatform
[2018.03.31-20.36.42:848][  0]LogTemp:Display: Loaded TP WindowsTargetPlatform
[2018.03.31-20.36.42:903][  0]LogTemp:Display: Loaded TP AndroidTargetPlatform
[2018.03.31-20.36.42:956][  0]LogTemp:Display: Loaded TP Android_ASTCTargetPlatform
[2018.03.31-20.36.43:012][  0]LogTemp:Display: Loaded TP Android_ATCTargetPlatform
[2018.03.31-20.36.43:068][  0]LogTemp:Display: Loaded TP Android_DXTTargetPlatform
[2018.03.31-20.36.43:126][  0]LogTemp:Display: Loaded TP Android_ETC1TargetPlatform
[2018.03.31-20.36.43:182][  0]LogTemp:Display: Loaded TP Android_ETC2TargetPlatform
[2018.03.31-20.36.43:297][  0]LogTemp:Display: Loaded TP Android_MultiTargetPlatform
[2018.03.31-20.36.43:297][  0]LogTemp:Display: Loaded TP Android_PVRTCTargetPlatform
[2018.03.31-20.36.43:337][  0]LogTemp:Display: Loaded TP HTML5TargetPlatform
[2018.03.31-20.36.43:440][  0]LogTemp:Display: Loaded TP IOSTargetPlatform
[2018.03.31-20.36.43:476][  0]LogTemp:Display: Loaded TP TVOSTargetPlatform
[2018.03.31-20.36.43:531][  0]LogTemp:Display: Loaded TP LinuxClientTargetPlatform
[2018.03.31-20.36.43:587][  0]LogTemp:Display: Loaded TP LinuxNoEditorTargetPlatform
[2018.03.31-20.36.43:640][  0]LogTemp:Display: Loaded TP LinuxServerTargetPlatform
[2018.03.31-20.36.43:695][  0]LogTemp:Display: Loaded TP LinuxTargetPlatform
[2018.03.31-20.36.43:695][  0]LogTargetPlatformManager:Display: Building Assets For Windows
[2018.03.31-20.36.44:159][  0]LogDerivedDataCache:Display: Max Cache Size: 512 MB
[2018.03.31-20.36.44:203][  0]LogDerivedDataCache: Loaded boot cache 0.04s 50MB C:/Users/teamd/AppData/Local/UnrealEngine/4.15/DerivedDataCache/Boot.ddc.
[2018.03.31-20.36.44:203][  0]LogDerivedDataCache:Display: Loaded Boot cache: C:/Users/teamd/AppData/Local/UnrealEngine/4.15/DerivedDataCache/Boot.ddc
[2018.03.31-20.36.44:203][  0]LogDerivedDataCache: FDerivedDataBackendGraph:  Pak pak cache file ../../../../../../Users/teamd/Documents/Unreal Projects/example_3dwidget/DerivedDataCache/DDC.ddp not found, will not use a pak cache.
[2018.03.31-20.36.44:203][  0]LogDerivedDataCache: Unable to find inner node Pak for hierarchical cache Hierarchy.
[2018.03.31-20.36.44:203][  0]LogDerivedDataCache: FDerivedDataBackendGraph:  CompressedPak pak cache file ../../../../../../Users/teamd/Documents/Unreal Projects/example_3dwidget/DerivedDataCache/Compressed.ddp not found, will not use a pak cache.
[2018.03.31-20.36.44:203][  0]LogDerivedDataCache: Unable to find inner node CompressedPak for hierarchical cache Hierarchy.
[2018.03.31-20.36.44:219][  0]LogDerivedDataCache:Display: Pak cache opened for reading ../../../Engine/DerivedDataCache/Compressed.ddp.
[2018.03.31-20.36.44:232][  0]LogDerivedDataCache: Using Local data cache path C:/Users/teamd/AppData/Local/UnrealEngine/Common/DerivedDataCache: Writable
[2018.03.31-20.36.44:241][  0]LogSlate: Using Freetype 2.6.0
[2018.03.31-20.36.44:242][  0]LogSlate: SlateFontCache - WITH_FREETYPE: 1, WITH_HARFBUZZ: 1
[2018.03.31-20.36.44:242][  0]LogSlate: SlateFontCache - WITH_FREETYPE: 1, WITH_HARFBUZZ: 1
[2018.03.31-20.36.44:566][  0]LogInit: Selected Device Profile: [Windows]
[2018.03.31-20.36.44:568][  0]LogContentStreaming: Texture pool size is 0.00 MB
[2018.03.31-20.36.44:783][  0]LogMeshUtilities: Using QuadricMeshReduction for automatic static mesh reduction
[2018.03.31-20.36.44:831][  0]LogSimplygon: Simplygon DLL not present - disabling.
[2018.03.31-20.36.44:879][  0]LogMeshUtilities: Using SimplygonSwarm for distributed automatic mesh merging
[2018.03.31-20.36.44:879][  0]LogMeshUtilities: No automatic skeletal mesh reduction module available
[2018.03.31-20.36.44:879][  0]LogMeshUtilities: No automatic mesh merging module available
[2018.03.31-20.36.45:432][  0]LogNetVersion: GetLocalNetworkVersion: CL: 3299760, ProjectName: example_3dwidget, ProjectVersion: , EngineNetworkVersion: 2, GameNetworkVersion: 0, NetworkChecksum: 857041415
[2018.03.31-20.36.45:477][  0]LogAssetRegistry: FAssetRegistry took 0.0213 seconds to start up
[2018.03.31-20.36.45:555][  0]LogPackageLocalizationCache: Processed 4 localized package path(s) for 2 prioritized culture(s) in 0.045700 seconds
[2018.03.31-20.36.45:561][  0]LogUObjectArray: 33178 objects as part of root set at end of initial load.
[2018.03.31-20.36.45:561][  0]LogUObjectAllocator: 7195184 out of 0 bytes used by permanent object pool.
[2018.03.31-20.36.45:561][  0]LogUObjectArray: CloseDisregardForGC: 0/0 objects in disregard for GC pool
[2018.03.31-20.36.45:631][  0]LogInit: WinSock: version 1.1 (2.2), MaxSocks=32767, MaxUdp=65467
[2018.03.31-20.36.47:254][  0]LogTcpMessaging: Initializing TcpMessaging bridge
[2018.03.31-20.36.47:297][  0]LogUdpMessaging: Initializing bridge on interface 0.0.0.0:0 to multicast group 230.0.0.1:6666.
[2018.03.31-20.36.47:760][  0]LogMaterial: Uniform references updated for custom material expression Custom.
[2018.03.31-20.36.48:140][  0]SourceControl: Info Source control is disabled
[2018.03.31-20.36.48:235][  0]SourceControl: Info Source control is disabled
[2018.03.31-20.36.48:284][  0]SourceControl: Info Source control is disabled
[2018.03.31-20.36.48:334][  0]SourceControl: Info Source control is disabled
[2018.03.31-20.36.49:590][  0]LogEngine: Initializing Engine...
[2018.03.31-20.36.49:590][  0]LogHMD: Oculus plugin initialized. Version: 4.15.3-3450819+++UE4+Release-4.15, LibOVR: 1.24.0, SDK: 1.10.0, built May 21 2017, 11:08:57
[2018.03.31-20.36.49:699][  0]OCULUS: Debug: [HMDState] Using default profile default
[2018.03.31-20.36.49:699][  0]OCULUS: Info: IAD changed to 59.5mm
[2018.03.31-20.36.49:699][  0]LogStats: UGameplayTagsManager::ConstructGameplayTagTree: Construct from data asset -  0.000 s
[2018.03.31-20.36.49:699][  0]LogStats: UGameplayTagsManager::ConstructGameplayTagTree: GameplayTagTreeChangedEvent.Broadcast -  0.000 s
[2018.03.31-20.36.49:819][  0]LogAIModule: Creating AISystem for world Untitled
[2018.03.31-20.36.49:828][  0]LogInit: XAudio2 using 'Headphones (Rift Audio)' : 2 channels at 48 kHz using 16 bits per sample (channel mask 0x3)
[2018.03.31-20.36.49:839][  0]LogInit: FAudioDevice initialized.
[2018.03.31-20.36.49:867][  0]LogDerivedDataCache: Saved boot cache 0.03s 50MB C:/Users/teamd/AppData/Local/UnrealEngine/4.15/DerivedDataCache/Boot.ddc.
[2018.03.31-20.36.49:873][  0]LogInit: Texture streaming: Enabled
[2018.03.31-20.36.49:966][  0]LogEngineSessionManager: EngineSessionManager initialized
[2018.03.31-20.36.50:056][  0]LogInit: Transaction tracking system initialized
[2018.03.31-20.36.50:396][  0]BlueprintLog: New page: Editor Load
[2018.03.31-20.36.51:277][  0]LocalizationService: Info Localization service is disabled
[2018.03.31-20.36.51:945][  0]LogConsoleResponse:Display: 
[2018.03.31-20.36.52:080][  0]LogCook:Display: Max memory allowance for cook 16384mb min free memory 0mb
[2018.03.31-20.36.52:080][  0]LogCook:Display: Mobile HDR setting 1
[2018.03.31-20.36.52:494][  0]LogFileCache: Scanning file cache for directory 'C:/Users/teamd/Documents/Unreal Projects/example_3dwidget/Content/' took 0.01s
[2018.03.31-20.36.53:165][  0]SourceControl: Info Source control is disabled
[2018.03.31-20.36.53:165][  0]Cmd: MAP LOAD FILE="../../../../../../Users/teamd/Documents/Unreal Projects/example_3dwidget/Content/FirstPersonBP/Maps/FirstPersonExampleMap.umap" TEMPLATE=0 SHOWPROGRESS=1 FEATURELEVEL=3
[2018.03.31-20.36.53:165][  0]LightingResults: New page: Lighting Build
[2018.03.31-20.36.53:207][  0]MapCheck: New page: Map Check
[2018.03.31-20.36.53:207][  0]LightingResults: New page: Lighting Build
[2018.03.31-20.36.53:756][  0]LogAIModule: Creating AISystem for world FirstPersonExampleMap
[2018.03.31-20.36.53:781][  0]LogEditorServer: Finished looking for orphan Actors (0.000 secs)
[2018.03.31-20.36.53:781][  0]Cmd: MAP CHECKDEP NOCLEARLOG
[2018.03.31-20.36.53:828][  0]MapCheck: Info Map check complete: 0 Error(s), 0 Warning(s), took 47.041ms to complete.
[2018.03.31-20.36.53:828][  0]LogFileHelpers: Loading map 'FirstPersonExampleMap' took 0.663
[2018.03.31-20.36.54:008][  0]LogCollectionManager: Loaded 1 collections in 0.001769 seconds
[2018.03.31-20.36.54:094][  0]LogFileCache: Scanning file cache for directory 'C:/Users/teamd/Documents/Unreal Projects/example_3dwidget/Saved/Collections/' took 0.01s
[2018.03.31-20.36.54:094][  0]LogFileCache: Scanning file cache for directory 'C:/Users/teamd/Documents/Unreal Projects/example_3dwidget/Content/Developers/teamd/Collections/' took 0.01s
[2018.03.31-20.36.54:094][  0]LogFileCache: Scanning file cache for directory 'C:/Users/teamd/Documents/Unreal Projects/example_3dwidget/Content/Collections/' took 0.01s
[2018.03.31-20.36.54:094][  0]LogCollectionManager: Rebuilt the GUID cache for 1 collections in 0.000003 seconds
[2018.03.31-20.36.54:094][  0]LogCollectionManager: Rebuilt the hierarchy cache for 1 collections in 0.000000 seconds
[2018.03.31-20.36.54:102][  0]LogContentBrowser: Native class hierarchy populated in 0.0083 seconds. Added 2272 classes and 457 folders.
[2018.03.31-20.36.54:172][  0]LogContentBrowser: Native class hierarchy updated for 'WidgetCarousel' in 0.0004 seconds. Added 0 classes and 0 folders.
[2018.03.31-20.36.54:213][  0]LogContentBrowser: Native class hierarchy updated for 'AddContentDialog' in 0.0006 seconds. Added 0 classes and 0 folders.
[2018.03.31-20.36.54:257][  0]LogContentBrowser: Native class hierarchy updated for 'SceneOutliner' in 0.0004 seconds. Added 1 classes and 2 folders.
[2018.03.31-20.36.54:308][  0]LogCrashTracker: Crashtracker disabled due to settings.
[2018.03.31-20.36.54:319][  0]LogDirectoryWatcher:Warning: Failed to begin reading directory changes for ../../../../../../Users/teamd/Documents/Unreal Projects/example_3dwidget/Plugins/. Error: The system cannot find the file specified. (0x00000002)
[2018.03.31-20.36.54:330][  0]LogUObjectGlobals:Warning: Failed to find object 'Class None.'
[2018.03.31-20.36.54:403][  0]LogContentBrowser: Native class hierarchy updated for 'HierarchicalLODOutliner' in 0.0006 seconds. Added 1 classes and 2 folders.
[2018.03.31-20.36.54:403][  0]LogLoad: (Engine Initialization) Total time: 16.31 seconds
[2018.03.31-20.36.54:404][  0]LogLoad: (Engine Initialization) Total Blueprint compile time: 0.23 seconds
[2018.03.31-20.36.54:404][  0]LogExternalProfiler: No external profilers were discovered.  External profiling features will not be available.
[2018.03.31-20.36.54:422][  0]LogWindowsTextInputMethodSystem:Display: IME system now deactivated.
[2018.03.31-20.36.54:423][  0]LogOcInput: OculusInput pre-init called
[2018.03.31-20.36.54:440][  0]LogOcInput: OculusInput is initialized. Init status 0. Runtime version: 1.24.0
[2018.03.31-20.36.54:461][  0]LogContentStreaming: Texture pool size now 1000 MB
[2018.03.31-20.36.54:463][  0]LogSlate: Took 0.000391 seconds to synchronously load lazily loaded font '../../../Engine/Content/Slate/Fonts/Roboto-Regular.ttf' (155K)
[2018.03.31-20.36.54:466][  0]LogSlate: Took 0.000252 seconds to synchronously load lazily loaded font '../../../Engine/Content/Slate/Fonts/Roboto-Bold.ttf' (160K)
[2018.03.31-20.36.54:472][  0]LogSlate: Took 0.000757 seconds to synchronously load lazily loaded font '../../../Engine/Content/Editor/Slate/Fonts/FontAwesome.ttf' (139K)
[2018.03.31-20.36.54:585][  0]LogSlate: Took 0.000182 seconds to synchronously load lazily loaded font '../../../Engine/Content/Slate/Fonts/Roboto-Light.ttf' (159K)
[2018.03.31-20.36.54:637][  0]LogRenderer: Reallocating scene render targets to support 936x436 NumSamples 1 (Frame:2).
[2018.03.31-20.36.54:836][  2]LogAssetRegistry: Asset discovery search completed in 9.3796 seconds
[2018.03.31-20.36.54:836][  2]LogCollectionManager: Rebuilt the object cache for 1 collections in 0.000024 seconds (found 0 objects)
[2018.03.31-20.36.54:836][  2]LogCollectionManager: Fixed up redirectors for 1 collections in 0.000042 seconds (updated 0 objects)
[2018.03.31-20.37.25:276][827]Cmd: CLOSE_SLATE_MAINFRAME
[2018.03.31-20.37.25:370][827]LogDirectoryWatcher: A directory notification for '../../../Engine/Plugins/' was aborted.
[2018.03.31-20.37.25:371][827]LogWindowsTextInputMethodSystem:Display: IME system now deactivated.
[2018.03.31-20.37.25:613][828]Cmd: QUIT_EDITOR
[2018.03.31-20.37.25:678][828]LogExit: Preparing to exit.
[2018.03.31-20.37.26:469][828]LogDirectoryWatcher: A directory notification for 'C:/Users/teamd/Documents/Unreal Projects/example_3dwidget/Content/' was aborted.
[2018.03.31-20.37.26:485][828]LogExit: Editor shut down
[2018.03.31-20.37.26:485][828]LogExit: Transaction tracking system shut down
[2018.03.31-20.37.26:598][828]LogObj: Freed 0b from 0 cluster array pools.
[2018.03.31-20.37.26:598][828]LogExit: Object subsystem successfully closed.
[2018.03.31-20.37.26:677][828]LogD3D11RHI: Shutdown
[2018.03.31-20.37.26:677][828]LogD3D11RHI: CleanupD3DDevice
[2018.03.31-20.37.26:784][828]LogD3D11RHI: ~FD3D11DynamicRHI
[2018.03.31-20.37.26:799][828]LogModuleManager: Shutting down and abandoning module HierarchicalLODOutliner (500)
[2018.03.31-20.37.26:799][828]LogModuleManager: Shutting down and abandoning module CrashTracker (498)
[2018.03.31-20.37.26:799][828]LogModuleManager: Shutting down and abandoning module SceneOutliner (496)
[2018.03.31-20.37.26:799][828]LogModuleManager: Shutting down and abandoning module AddContentDialog (494)
[2018.03.31-20.37.26:799][828]LogDirectoryWatcher: A directory notification for 'C:/Program Files/Epic Games/UE_4.15/FeaturePacks/' was aborted.
[2018.03.31-20.37.26:801][828]LogModuleManager: Shutting down and abandoning module WidgetCarousel (493)
[2018.03.31-20.37.26:801][828]LogModuleManager: Shutting down and abandoning module EditorWidgets (490)
[2018.03.31-20.37.26:801][828]LogModuleManager: Shutting down and abandoning module CollectionManager (488)
[2018.03.31-20.37.26:801][828]LogDirectoryWatcher: A directory notification for 'C:/Users/teamd/Documents/Unreal Projects/example_3dwidget/Content/Collections/' was aborted.
[2018.03.31-20.37.26:801][828]LogDirectoryWatcher: A directory notification for 'C:/Users/teamd/Documents/Unreal Projects/example_3dwidget/Content/Developers/teamd/Collections/' was aborted.
[2018.03.31-20.37.26:801][828]LogDirectoryWatcher: A directory notification for 'C:/Users/teamd/Documents/Unreal Projects/example_3dwidget/Saved/Collections/' was aborted.
[2018.03.31-20.37.26:801][828]LogModuleManager: Shutting down and abandoning module StatsViewer (486)
[2018.03.31-20.37.26:801][828]LogModuleManager: Shutting down and abandoning module FoliageEdit (484)
[2018.03.31-20.37.26:801][828]LogModuleManager: Shutting down and abandoning module LandscapeEditor (482)
[2018.03.31-20.37.26:802][828]LogModuleManager: Shutting down and abandoning module SceneDepthPickerMode (480)
[2018.03.31-20.37.26:802][828]LogModuleManager: Shutting down and abandoning module ActorPickerMode (478)
[2018.03.31-20.37.26:802][828]LogModuleManager: Shutting down and abandoning module GeometryMode (476)
[2018.03.31-20.37.26:802][828]LogModuleManager: Shutting down and abandoning module TextureAlignMode (474)
[2018.03.31-20.37.26:802][828]LogModuleManager: Shutting down and abandoning module BspMode (472)
[2018.03.31-20.37.26:802][828]LogModuleManager: Shutting down and abandoning module HardwareSurvey (470)
[2018.03.31-20.37.26:802][828]LogModuleManager: Shutting down and abandoning module SequenceRecorderSections (468)
[2018.03.31-20.37.26:802][828]LogModuleManager: Shutting down and abandoning module AutomationWorker (466)
[2018.03.31-20.37.26:802][828]LogModuleManager: Shutting down and abandoning module MatineeToLevelSequence (464)
[2018.03.31-20.37.26:802][828]LogModuleManager: Shutting down and abandoning module LevelSequenceEditor (462)
[2018.03.31-20.37.26:802][828]LogModuleManager: Shutting down and abandoning module PlacementMode (461)
[2018.03.31-20.37.26:802][828]LogModuleManager: Shutting down and abandoning module WmfMediaFactory (458)
[2018.03.31-20.37.26:802][828]LogModuleManager: Shutting down and abandoning module WmfMediaEditor (456)
[2018.03.31-20.37.26:802][828]LogModuleManager: Shutting down and abandoning module MfMediaFactory (454)
[2018.03.31-20.37.26:802][828]LogModuleManager: Shutting down and abandoning module MfMediaEditor (452)
[2018.03.31-20.37.26:802][828]LogModuleManager: Shutting down and abandoning module AvfMediaFactory (450)
[2018.03.31-20.37.26:802][828]LogModuleManager: Shutting down and abandoning module AvfMediaEditor (448)
[2018.03.31-20.37.26:802][828]LogModuleManager: Shutting down and abandoning module AndroidMediaFactory (446)
[2018.03.31-20.37.26:802][828]LogModuleManager: Shutting down and abandoning module Media (445)
[2018.03.31-20.37.26:802][828]LogModuleManager: Shutting down and abandoning module AndroidMediaEditor (442)
[2018.03.31-20.37.26:802][828]LogModuleManager: Shutting down and abandoning module CharacterAI (440)
[2018.03.31-20.37.26:802][828]LogModuleManager: Shutting down and abandoning module AudioCapture (438)
[2018.03.31-20.37.26:802][828]LogModuleManager: Shutting down and abandoning module SequenceRecorder (437)
[2018.03.31-20.37.26:802][828]LogModuleManager: Shutting down and abandoning module SmartSnapping (434)
[2018.03.31-20.37.26:802][828]LogModuleManager: Shutting down and abandoning module SessionServices (432)
[2018.03.31-20.37.26:802][828]LogModuleManager: Shutting down and abandoning module ViewportSnapping (430)
[2018.03.31-20.37.26:802][828]LogModuleManager: Shutting down and abandoning module ViewportInteraction (428)
[2018.03.31-20.37.26:802][828]LogModuleManager: Shutting down and abandoning module LogVisualizer (426)
[2018.03.31-20.37.26:802][828]LogModuleManager: Shutting down and abandoning module IntroTutorials (424)
[2018.03.31-20.37.26:802][828]LogModuleManager: Shutting down and abandoning module GameProjectGeneration (423)
[2018.03.31-20.37.26:802][828]LogModuleManager: Shutting down and abandoning module EditorLiveStreaming (420)
[2018.03.31-20.37.26:802][828]LogModuleManager: Shutting down and abandoning module IOSPlatformEditor (418)
[2018.03.31-20.37.26:802][828]LogModuleManager: Shutting down and abandoning module HTML5PlatformEditor (416)
[2018.03.31-20.37.26:802][828]LogModuleManager: Shutting down and abandoning module AndroidPlatformEditor (414)
[2018.03.31-20.37.26:802][828]LogModuleManager: Shutting down and abandoning module AndroidDeviceDetection (413)
[2018.03.31-20.37.27:663][828]LogModuleManager: Shutting down and abandoning module IOSRuntimeSettings (410)
[2018.03.31-20.37.27:663][828]LogModuleManager: Shutting down and abandoning module AndroidRuntimeSettings (408)
[2018.03.31-20.37.27:663][828]LogModuleManager: Shutting down and abandoning module InputBindingEditor (406)
[2018.03.31-20.37.27:663][828]LogModuleManager: Shutting down and abandoning module NiagaraEditor (404)
[2018.03.31-20.37.27:663][828]LogModuleManager: Shutting down and abandoning module MergeActors (402)
[2018.03.31-20.37.27:663][828]LogModuleManager: Shutting down and abandoning module SizeMap (400)
[2018.03.31-20.37.27:663][828]LogModuleManager: Shutting down and abandoning module TreeMap (398)
[2018.03.31-20.37.27:663][828]LogModuleManager: Shutting down and abandoning module ReferenceViewer (396)
[2018.03.31-20.37.27:663][828]LogModuleManager: Shutting down and abandoning module LocalizationDashboard (394)
[2018.03.31-20.37.27:663][828]LogModuleManager: Shutting down and abandoning module LocalizationService (393)
[2018.03.31-20.37.27:663][828]LogModuleManager: Shutting down and abandoning module HardwareTargeting (390)
[2018.03.31-20.37.27:663][828]LogModuleManager: Shutting down and abandoning module DeviceProfileEditor (388)
[2018.03.31-20.37.27:663][828]LogModuleManager: Shutting down and abandoning module UndoHistory (386)
[2018.03.31-20.37.27:663][828]LogModuleManager: Shutting down and abandoning module UserFeedback (384)
[2018.03.31-20.37.27:663][828]LogModuleManager: Shutting down and abandoning module XmlParser (382)
[2018.03.31-20.37.27:663][828]LogModuleManager: Shutting down and abandoning module Blutility (380)
[2018.03.31-20.37.27:663][828]LogModuleManager: Shutting down and abandoning module ProjectSettingsViewer (378)
[2018.03.31-20.37.27:663][828]LogModuleManager: Shutting down and abandoning module ProjectTargetPlatformEditor (377)
[2018.03.31-20.37.27:663][828]LogModuleManager: Shutting down and abandoning module EditorSettingsViewer (374)
[2018.03.31-20.37.27:663][828]LogModuleManager: Shutting down and abandoning module SettingsEditor (372)
[2018.03.31-20.37.27:663][828]LogModuleManager: Shutting down and abandoning module ProjectLauncher (370)
[2018.03.31-20.37.27:663][828]LogModuleManager: Shutting down and abandoning module SessionFrontend (368)
[2018.03.31-20.37.27:663][828]LogModuleManager: Shutting down and abandoning module ProfilerClient (366)
[2018.03.31-20.37.27:663][828]LogModuleManager: Shutting down and abandoning module DeviceManager (364)
[2018.03.31-20.37.27:663][828]LogModuleManager: Shutting down and abandoning module TargetDeviceServices (363)
[2018.03.31-20.37.27:705][828]LogModuleManager: Shutting down and abandoning module AutomationController (360)
[2018.03.31-20.37.27:705][828]LogModuleManager: Shutting down and abandoning module AutomationWindow (358)
[2018.03.31-20.37.27:705][828]LogModuleManager: Shutting down and abandoning module Layers (356)
[2018.03.31-20.37.27:705][828]LogModuleManager: Shutting down and abandoning module ComponentVisualizers (354)
[2018.03.31-20.37.27:705][828]LogModuleManager: Shutting down and abandoning module DetailCustomizations (352)
[2018.03.31-20.37.27:705][828]LogModuleManager: Shutting down and abandoning module PackagesDialog (350)
[2018.03.31-20.37.27:705][828]LogModuleManager: Shutting down and abandoning module Persona (348)
[2018.03.31-20.37.27:705][828]LogModuleManager: Shutting down and abandoning module AnimGraph (347)
[2018.03.31-20.37.27:705][828]LogModuleManager: Shutting down and abandoning module Kismet (344)
[2018.03.31-20.37.27:705][828]LogModuleManager: Shutting down and abandoning module GraphEditor (342)
[2018.03.31-20.37.27:705][828]LogModuleManager: Shutting down and abandoning module ClassViewer (340)
[2018.03.31-20.37.27:705][828]LogModuleManager: Shutting down and abandoning module Toolbox (338)
[2018.03.31-20.37.27:705][828]LogModuleManager: Shutting down and abandoning module ModuleUI (336)
[2018.03.31-20.37.27:705][828]LogModuleManager: Shutting down and abandoning module MovieSceneTools (334)
[2018.03.31-20.37.27:705][828]LogModuleManager: Shutting down and abandoning module OutputLog (332)
[2018.03.31-20.37.27:705][828]LogModuleManager: Shutting down and abandoning module GammaUI (330)
[2018.03.31-20.37.27:705][828]LogModuleManager: Shutting down and abandoning module Documentation (328)
[2018.03.31-20.37.27:705][828]LogModuleManager: Shutting down and abandoning module Niagara (326)
[2018.03.31-20.37.27:705][828]LogModuleManager: Shutting down and abandoning module StreamingPauseRendering (324)
[2018.03.31-20.37.27:705][828]LogModuleManager: Shutting down and abandoning module AnalyticsET (322)
[2018.03.31-20.37.27:705][828]LogModuleManager: Shutting down and abandoning module PortalServices (320)
[2018.03.31-20.37.27:705][828]LogModuleManager: Shutting down and abandoning module PortalRpc (318)
[2018.03.31-20.37.27:706][828]LogModuleManager: Shutting down and abandoning module MessagingRpc (316)
[2018.03.31-20.37.27:706][828]LogModuleManager: Shutting down and abandoning module AIModule (314)
[2018.03.31-20.37.27:706][828]LogModuleManager: Shutting down and abandoning module GameplayDebugger (313)
[2018.03.31-20.37.27:706][828]LogModuleManager: Shutting down and abandoning module AITestSuite (311)
[2018.03.31-20.37.27:706][828]LogModuleManager: Shutting down and abandoning module ProfilerService (308)
[2018.03.31-20.37.27:852][828]LogModuleManager: Shutting down and abandoning module TaskGraph (306)
[2018.03.31-20.37.27:852][828]LogModuleManager: Shutting down and abandoning module SteamVRController (304)
[2018.03.31-20.37.27:852][828]LogModuleManager: Shutting down and abandoning module SteamVR (302)
[2018.03.31-20.37.27:852][828]LogModuleManager: Shutting down and abandoning module ProceduralMeshComponentEditor (300)
[2018.03.31-20.37.27:852][828]LogModuleManager: Shutting down and abandoning module ProceduralMeshComponent (298)
[2018.03.31-20.37.27:852][828]LogModuleManager: Shutting down and abandoning module OculusLibrary (296)
[2018.03.31-20.37.27:852][828]LogModuleManager: Shutting down and abandoning module OculusInput (294)
[2018.03.31-20.37.27:852][828]LogModuleManager: Shutting down and abandoning module MobilePatchingUtils (292)
[2018.03.31-20.37.27:852][828]LogModuleManager: Shutting down and abandoning module CustomMeshComponent (290)
[2018.03.31-20.37.27:852][828]LogModuleManager: Shutting down and abandoning module CableComponent (288)
[2018.03.31-20.37.27:852][828]LogModuleManager: Shutting down and abandoning module ArchVisCharacter (286)
[2018.03.31-20.37.27:852][828]LogModuleManager: Shutting down and abandoning module MediaPlayerEditor (282)
[2018.03.31-20.37.27:852][828]LogModuleManager: Shutting down and abandoning module HTML5Networking (280)
[2018.03.31-20.37.27:852][828]LogModuleManager: Shutting down and abandoning module AlembicImporter (278)
[2018.03.31-20.37.27:852][828]LogModuleManager: Shutting down and abandoning module AlembicLibrary (277)
[2018.03.31-20.37.27:852][828]LogModuleManager: Shutting down and abandoning module GeometryCache (276)
[2018.03.31-20.37.27:852][828]LogModuleManager: Shutting down and abandoning module GeometryCacheEd (275)
[2018.03.31-20.37.27:852][828]LogModuleManager: Shutting down and abandoning module SuperSearchEditor (270)
[2018.03.31-20.37.27:852][828]LogModuleManager: Shutting down and abandoning module SuperSearch (269)
[2018.03.31-20.37.27:852][828]LogModuleManager: Shutting down and abandoning module SpeedTreeImporter (266)
[2018.03.31-20.37.27:852][828]LogModuleManager: Shutting down and abandoning module PluginBrowser (264)
[2018.03.31-20.37.27:852][828]LogModuleManager: Shutting down and abandoning module MobileLauncherProfileWizard (262)
[2018.03.31-20.37.27:852][828]LogModuleManager: Shutting down and abandoning module EpicSurvey (260)
[2018.03.31-20.37.27:852][828]LogModuleManager: Shutting down and abandoning module VisualStudioSourceCodeAccess (258)
[2018.03.31-20.37.27:852][828]LogModuleManager: Shutting down and abandoning module DesktopPlatform (257)
[2018.03.31-20.37.27:852][828]LogModuleManager: Shutting down and abandoning module UObjectPlugin (254)
[2018.03.31-20.37.27:852][828]LogModuleManager: Shutting down and abandoning module SubversionSourceControl (252)
[2018.03.31-20.37.27:852][828]LogModuleManager: Shutting down and abandoning module PerforceSourceControl (250)
[2018.03.31-20.37.27:852][828]LogModuleManager: Shutting down and abandoning module GitSourceControl (248)
[2018.03.31-20.37.27:852][828]LogModuleManager: Shutting down and abandoning module SourceControl (247)
[2018.03.31-20.37.27:852][828]LogModuleManager: Shutting down and abandoning module LightPropagationVolumeEditor (244)
[2018.03.31-20.37.27:853][828]LogModuleManager: Shutting down and abandoning module PaperTiledImporter (242)
[2018.03.31-20.37.27:853][828]LogModuleManager: Shutting down and abandoning module PaperSpriteSheetImporter (240)
[2018.03.31-20.37.27:853][828]LogModuleManager: Shutting down and abandoning module Paper2DEditor (238)
[2018.03.31-20.37.27:853][828]LogModuleManager: Shutting down and abandoning module MeshPaint (237)
[2018.03.31-20.37.27:853][828]LogModuleManager: Shutting down and abandoning module LevelEditor (235)
[2018.03.31-20.37.27:853][828]LogModuleManager: Shutting down and abandoning module PixelInspectorModule (234)
[2018.03.31-20.37.27:853][828]LogModuleManager: Shutting down and abandoning module MainFrame (232)
[2018.03.31-20.37.27:853][828]LogModuleManager: Shutting down and abandoning module HotReload (231)
[2018.03.31-20.37.27:854][828]LogModuleManager: Shutting down and abandoning module ContentBrowser (227)
[2018.03.31-20.37.27:854][828]LogModuleManager: Shutting down and abandoning module PhysXVehiclesEditor (224)
[2018.03.31-20.37.27:854][828]LogModuleManager: Shutting down and abandoning module PhysXVehicles (222)
[2018.03.31-20.37.27:854][828]LogModuleManager: Shutting down and abandoning module LocationServicesBPLibrary (220)
[2018.03.31-20.37.27:854][828]LogModuleManager: Shutting down and abandoning module UdpMessaging (218)
[2018.03.31-20.37.27:955][828]LogModuleManager: Shutting down and abandoning module TcpMessaging (216)
[2018.03.31-20.37.28:055][828]LogModuleManager: Shutting down and abandoning module GameplayTagsEditor (214)
[2018.03.31-20.37.28:055][828]LogModuleManager: Shutting down and abandoning module FacialAnimationEditor (212)
[2018.03.31-20.37.28:055][828]LogModuleManager: Shutting down and abandoning module FacialAnimation (210)
[2018.03.31-20.37.28:055][828]LogModuleManager: Shutting down and abandoning module LightPropagationVolumeRuntime (208)
[2018.03.31-20.37.28:055][828]LogModuleManager: Shutting down and abandoning module Paper2D (206)
[2018.03.31-20.37.28:055][828]LogModuleManager: Shutting down and abandoning module WindowsMoviePlayer (204)
[2018.03.31-20.37.28:055][828]LogModuleManager: Shutting down and abandoning module WmfMedia (202)
[2018.03.31-20.37.28:057][828]LogModuleManager: Shutting down and abandoning module MfMedia (200)
[2018.03.31-20.37.28:057][828]LogModuleManager: Shutting down and abandoning module MediaAssets (198)
[2018.03.31-20.37.28:057][828]LogModuleManager: Shutting down and abandoning module GameLiveStreaming (196)
[2018.03.31-20.37.28:057][828]LogModuleManager: Shutting down and abandoning module VREditor (194)
[2018.03.31-20.37.28:057][828]LogModuleManager: Shutting down and abandoning module GameplayTasksEditor (192)
[2018.03.31-20.37.28:057][828]LogModuleManager: Shutting down and abandoning module BehaviorTreeEditor (190)
[2018.03.31-20.37.28:057][828]LogModuleManager: Shutting down and abandoning module FunctionalTesting (188)
[2018.03.31-20.37.28:057][828]LogModuleManager: Shutting down and abandoning module CollisionAnalyzer (186)
[2018.03.31-20.37.28:057][828]LogModuleManager: Shutting down and abandoning module UMG (184)
[2018.03.31-20.37.28:057][828]LogModuleManager: Shutting down and abandoning module UMGEditor (183)
[2018.03.31-20.37.28:057][828]LogModuleManager: Shutting down and abandoning module Sequencer (182)
[2018.03.31-20.37.28:057][828]LogModuleManager: Shutting down and abandoning module AssetTools (180)
[2018.03.31-20.37.28:057][828]LogModuleManager: Shutting down and abandoning module MessageLog (179)
[2018.03.31-20.37.28:057][828]LogModuleManager: Shutting down and abandoning module WorkspaceMenuStructure (178)
[2018.03.31-20.37.28:058][828]LogModuleManager: Shutting down and abandoning module SlateReflector (172)
[2018.03.31-20.37.28:058][828]LogModuleManager: Shutting down and abandoning module Slate (170)
[2018.03.31-20.37.28:058][828]LogModuleManager: Shutting down and abandoning module EditorStyle (168)
[2018.03.31-20.37.28:060][828]LogModuleManager: Shutting down and abandoning module SourceCodeAccess (166)
[2018.03.31-20.37.28:060][828]LogModuleManager: Shutting down and abandoning module HeadMountedDisplay (164)
[2018.03.31-20.37.28:060][828]LogModuleManager: Shutting down and abandoning module XAudio2 (162)
[2018.03.31-20.37.28:060][828]LogModuleManager: Shutting down and abandoning module Networking (160)
[2018.03.31-20.37.28:060][828]LogModuleManager: Shutting down and abandoning module Core (156)
[2018.03.31-20.37.28:060][828]LogModuleManager: Shutting down and abandoning module AssetRegistry (154)
[2018.03.31-20.37.28:174][828]LogDirectoryWatcher: A directory notification for '../../../Engine/Content/' was aborted.
[2018.03.31-20.37.28:174][828]LogDirectoryWatcher: A directory notification for '../../../../../../Users/teamd/Documents/Unreal Projects/example_3dwidget/Content/' was aborted.
[2018.03.31-20.37.28:174][828]LogDirectoryWatcher: A directory notification for '../../../Engine/Plugins/2D/Paper2D/Content/' was aborted.
[2018.03.31-20.37.28:174][828]LogDirectoryWatcher: A directory notification for '../../../Engine/Plugins/Runtime/LeapMotion/Content/' was aborted.
[2018.03.31-20.37.28:175][828]LogModuleManager: Shutting down and abandoning module DirectoryWatcher (153)
[2018.03.31-20.37.28:176][828]LogModuleManager: Shutting down and abandoning module KismetCompiler (150)
[2018.03.31-20.37.28:176][828]LogModuleManager: Shutting down and abandoning module PhysXFormats (148)
[2018.03.31-20.37.28:176][828]LogModuleManager: Shutting down and abandoning module MeshUtilities (146)
[2018.03.31-20.37.28:176][828]LogModuleManager: Shutting down and abandoning module SimplygonSwarm (145)
[2018.03.31-20.37.28:176][828]LogModuleManager: Shutting down and abandoning module SimplygonMeshReduction (143)
[2018.03.31-20.37.28:176][828]LogModuleManager: Shutting down and abandoning module QuadricMeshReduction (141)
[2018.03.31-20.37.28:176][828]LogModuleManager: Shutting down and abandoning module PropertyEditor (139)
[2018.03.31-20.37.28:176][828]LogModuleManager: Shutting down and abandoning module DerivedDataCache (136)
[2018.03.31-20.37.28:260][828]LogDerivedDataCache: Shutdown
[2018.03.31-20.37.28:260][828]LogModuleManager: Shutting down and abandoning module TargetPlatform (134)
[2018.03.31-20.37.28:260][828]LogModuleManager: Shutting down and abandoning module VulkanShaderFormat (133)
[2018.03.31-20.37.28:260][828]LogModuleManager: Shutting down and abandoning module ShaderFormatOpenGL (131)
[2018.03.31-20.37.28:260][828]LogModuleManager: Shutting down and abandoning module ShaderFormatD3D (129)
[2018.03.31-20.37.28:260][828]LogModuleManager: Shutting down and abandoning module MetalShaderFormat (127)
[2018.03.31-20.37.28:260][828]LogModuleManager: Shutting down and abandoning module TextureFormatUncompressed (125)
[2018.03.31-20.37.28:260][828]LogModuleManager: Shutting down and abandoning module TextureFormatPVR (123)
[2018.03.31-20.37.28:260][828]LogModuleManager: Shutting down and abandoning module TextureFormatDXT (121)
[2018.03.31-20.37.28:260][828]LogModuleManager: Shutting down and abandoning module TextureFormatIntelISPCTexComp (119)
[2018.03.31-20.37.28:260][828]LogModuleManager: Shutting down and abandoning module TextureFormatASTC (117)
[2018.03.31-20.37.28:260][828]LogModuleManager: Shutting down and abandoning module ImageWrapper (116)
[2018.03.31-20.37.28:260][828]LogModuleManager: Shutting down and abandoning module TextureFormatAndroid (113)
[2018.03.31-20.37.28:260][828]LogModuleManager: Shutting down and abandoning module AudioFormatOpus (111)
[2018.03.31-20.37.28:260][828]LogModuleManager: Shutting down and abandoning module AudioFormatOgg (109)
[2018.03.31-20.37.28:260][828]LogModuleManager: Shutting down and abandoning module AudioFormatADPCM (107)
[2018.03.31-20.37.28:260][828]LogModuleManager: Shutting down and abandoning module LinuxTargetPlatform (105)
[2018.03.31-20.37.28:260][828]LogModuleManager: Shutting down and abandoning module LinuxServerTargetPlatform (103)
[2018.03.31-20.37.28:260][828]LogModuleManager: Shutting down and abandoning module LinuxNoEditorTargetPlatform (101)
[2018.03.31-20.37.28:260][828]LogModuleManager: Shutting down and abandoning module LinuxClientTargetPlatform (99)
[2018.03.31-20.37.28:260][828]LogModuleManager: Shutting down and abandoning module TVOSTargetPlatform (97)
[2018.03.31-20.37.28:260][828]LogModuleManager: Shutting down and abandoning module Messaging (95)
[2018.03.31-20.37.28:260][828]LogModuleManager: Shutting down and abandoning module IOSTargetPlatform (93)
[2018.03.31-20.37.28:260][828]LogModuleManager: Shutting down and abandoning module HTML5TargetPlatform (91)
[2018.03.31-20.37.28:260][828]LogModuleManager: Shutting down and abandoning module Android_PVRTCTargetPlatform (89)
[2018.03.31-20.37.28:260][828]LogModuleManager: Shutting down and abandoning module Android_MultiTargetPlatform (87)
[2018.03.31-20.37.28:260][828]LogModuleManager: Shutting down and abandoning module Android_ETC2TargetPlatform (85)
[2018.03.31-20.37.28:260][828]LogModuleManager: Shutting down and abandoning module Android_ETC1TargetPlatform (83)
[2018.03.31-20.37.28:260][828]LogModuleManager: Shutting down and abandoning module Android_DXTTargetPlatform (81)
[2018.03.31-20.37.28:260][828]LogModuleManager: Shutting down and abandoning module Android_ATCTargetPlatform (79)
[2018.03.31-20.37.28:260][828]LogModuleManager: Shutting down and abandoning module Android_ASTCTargetPlatform (77)
[2018.03.31-20.37.28:260][828]LogModuleManager: Shutting down and abandoning module AndroidTargetPlatform (75)
[2018.03.31-20.37.28:260][828]LogModuleManager: Shutting down and abandoning module WindowsTargetPlatform (73)
[2018.03.31-20.37.28:260][828]LogModuleManager: Shutting down and abandoning module WindowsServerTargetPlatform (71)
[2018.03.31-20.37.28:260][828]LogModuleManager: Shutting down and abandoning module WindowsNoEditorTargetPlatform (69)
[2018.03.31-20.37.28:260][828]LogModuleManager: Shutting down and abandoning module WindowsClientTargetPlatform (67)
[2018.03.31-20.37.28:260][828]LogModuleManager: Shutting down and abandoning module MacTargetPlatform (65)
[2018.03.31-20.37.28:260][828]LogModuleManager: Shutting down and abandoning module MacServerTargetPlatform (63)
[2018.03.31-20.37.28:260][828]LogModuleManager: Shutting down and abandoning module MacNoEditorTargetPlatform (61)
[2018.03.31-20.37.28:260][828]LogModuleManager: Shutting down and abandoning module MacClientTargetPlatform (59)
[2018.03.31-20.37.28:260][828]LogModuleManager: Shutting down and abandoning module AllDesktopTargetPlatform (57)
[2018.03.31-20.37.28:260][828]LogModuleManager: Shutting down and abandoning module InputCore (54)
[2018.03.31-20.37.28:260][828]LogModuleManager: Shutting down and abandoning module Settings (52)
[2018.03.31-20.37.28:260][828]LogModuleManager: Shutting down and abandoning module OculusRift (50)
[2018.03.31-20.37.28:261][828]LogHMD: Oculus shutdown.
[2018.03.31-20.37.28:261][828]LogModuleManager: Shutting down and abandoning module LeapMotion (48)
[2018.03.31-20.37.28:261][828]LogModuleManager: Shutting down and abandoning module GearVR (46)
[2018.03.31-20.37.28:261][828]LogModuleManager: Shutting down and abandoning module ExampleDeviceProfileSelector (44)
[2018.03.31-20.37.28:261][828]LogModuleManager: Shutting down and abandoning module OnlineBlueprintSupport (42)
[2018.03.31-20.37.28:261][828]LogModuleManager: Shutting down and abandoning module OnlineSubsystem (38)
[2018.03.31-20.37.28:261][828]LogOnline:Display: Unloading online subsystem: NULL
[2018.03.31-20.37.28:261][828]LogModuleManager: Shutting down and abandoning module XMPP (37)
[2018.03.31-20.37.28:262][828]LogModuleManager: Shutting down and abandoning module HTTP (35)
[2018.03.31-20.37.28:262][828]LogHttp:Display: Http module shutting down, but needs to wait on 1 outstanding Http requests:
[2018.03.31-20.37.28:262][828]LogHttp:Display: 	verb=[POST] url=[https://datarouter.ol.epicgames.com/datarouter/api/v1/public/data?SessionID=%7B0E498A4F-4D08-D960-1CA3-29831F3557B0%7D&AppID=UEEditor.Rocket.Release&AppVersion=4.15.3-3450819%2B%2B%2BUE4%2BRelease-4.15&UserID=df8495f8419e55f0ae691aa96295c8d2%7C0d2eeec7dcfa4e23aa4bd4d6e5031f68%7C152fb581-a424-4527-b41f-98dc63c23cee&AppEnvironment=datacollector-binary&UploadType=eteventstream] status=Processing
[2018.03.31-20.37.28:270][828]LogModuleManager: Shutting down and abandoning module SSL (34)
[2018.03.31-20.37.28:271][828]LogModuleManager: Shutting down and abandoning module AudioEditor (30)
[2018.03.31-20.37.28:271][828]LogModuleManager: Shutting down and abandoning module TextureCompressor (28)
[2018.03.31-20.37.28:271][828]LogModuleManager: Shutting down and abandoning module ShaderCore (26)
[2018.03.31-20.37.28:272][828]LogModuleManager: Shutting down and abandoning module Landscape (24)
[2018.03.31-20.37.28:272][828]LogModuleManager: Shutting down and abandoning module SlateRHIRenderer (22)
[2018.03.31-20.37.28:272][828]LogModuleManager: Shutting down and abandoning module OpenGLDrv (20)
[2018.03.31-20.37.28:272][828]LogModuleManager: Shutting down and abandoning module D3D11RHI (18)
[2018.03.31-20.37.28:272][828]LogModuleManager: Shutting down and abandoning module AnimGraphRuntime (16)
[2018.03.31-20.37.28:272][828]LogModuleManager: Shutting down and abandoning module Renderer (14)
[2018.03.31-20.37.28:272][828]LogModuleManager: Shutting down and abandoning module Engine (12)
[2018.03.31-20.37.28:272][828]LogModuleManager: Shutting down and abandoning module CoreUObject (10)
[2018.03.31-20.37.28:272][828]LogModuleManager: Shutting down and abandoning module NetworkFile (8)
[2018.03.31-20.37.28:272][828]LogModuleManager: Shutting down and abandoning module StreamingFile (6)
[2018.03.31-20.37.28:272][828]LogModuleManager: Shutting down and abandoning module SandboxFile (4)
[2018.03.31-20.37.28:272][828]LogModuleManager: Shutting down and abandoning module PakFile (2)
[2018.03.31-20.37.28:274][828]LogExit: Exiting.
[2018.03.31-20.37.28:289][828]Log file closed, 03/31/18 16:37:28
